#CAMI Submission for Taxonomic Profiling
@Version:0.9.2
@SampleID:RL_S001__insert_270.fq.gz
@Ranks:superkingdom|phylum|class|order|family|genus|species|strain

@@TAXID	RANK	TAXPATH	TAXPATHSN	PERCENTAGE
1074919	strain	2|1239|91061|1385|90964|1279|1280|1074919	Bacteria|Firmicutes|Bacilli|Bacillales|Staphylococcaceae|Staphylococcus|Staphylococcus aureus|Staphylococcus aureus subsp. aureus ST228	0.174172
568816	strain	2|1239|909932|909929|909930|904|187327|568816	Bacteria|Firmicutes|Negativicutes|Selenomonadales|Acidaminococcaceae|Acidaminococcus|Acidaminococcus intestini|Acidaminococcus intestini RyC-MR95	0.030466
573234	strain	2|1224|28211|356||573657|573658|573234	Bacteria|Proteobacteria|Alphaproteobacteria|Rhizobiales||Candidatus Hodgkinia|Candidatus Hodgkinia cicadicola|Candidatus Hodgkinia cicadicola Dsem	0.196455
272943	strain	2|1224|28211|204455|31989|1060|1063|272943	Bacteria|Proteobacteria|Alphaproteobacteria|Rhodobacterales|Rhodobacteraceae|Rhodobacter|Rhodobacter sphaeroides|Rhodobacter sphaeroides 2.4.1	0.392071
565575	strain	2|544448|31969|2085|2092|2129|2130|565575	Bacteria|Tenericutes|Mollicutes|Mycoplasmatales|Mycoplasmataceae|Ureaplasma|Ureaplasma urealyticum|Ureaplasma urealyticum serovar 10 str. ATCC 33699	0.057399
340177	strain	2|1090|191410|191411|191412|1091|337090|340177	Bacteria|Chlorobi|Chlorobia|Chlorobiales|Chlorobiaceae|Chlorobium|Chlorobium chlorochromatii|Chlorobium chlorochromatii CaD3	1.102774
1051632	strain	2|1239|186801|186802|539000|28033|53633|1051632	Bacteria|Firmicutes|Clostridia|Clostridiales|Clostridiales Family XVII. Incertae Sedis|Sulfobacillus|Sulfobacillus acidophilus|Sulfobacillus acidophilus TPY	0.128891
657321	strain	2|1239|186801|186802|541000|1263|40518|657321	Bacteria|Firmicutes|Clostridia|Clostridiales|Ruminococcaceae|Ruminococcus|Ruminococcus bromii|Ruminococcus bromii L2-63	0.258827
657324	strain	2|1239|186801|186802|186803|830|831|657324	Bacteria|Firmicutes|Clostridia|Clostridiales|Lachnospiraceae|Butyrivibrio|Butyrivibrio fibrisolvens|Butyrivibrio fibrisolvens 16/4	2.157348
557599	strain	2|201174|1760|2037|1762|1763|1768|557599	Bacteria|Actinobacteria|Actinobacteria|Actinomycetales|Mycobacteriaceae|Mycobacterium|Mycobacterium kansasii|Mycobacterium kansasii ATCC 12478	0.948744
313603	species	2|976|117743|200644|49546|252356|313603	Bacteria|Bacteroidetes|Flavobacteriia|Flavobacteriales|Flavobacteriaceae|Maribacter|Maribacter sp. HTCC2170	0.636110
469378	strain	2|201174|1760|84999|84107|84162|84163|469378	Bacteria|Actinobacteria|Actinobacteria|Coriobacteriales|Coriobacteriaceae|Cryptobacterium|Cryptobacterium curtum|Cryptobacterium curtum DSM 15641	1.648140
985665	strain	2|1239|91061|1385|186822|44249|159743|985665	Bacteria|Firmicutes|Bacilli|Bacillales|Paenibacillaceae|Paenibacillus|Paenibacillus terrae|Paenibacillus terrae HPL-003	1.397906
667015	strain	2|976|200643|171549|815|816|376805|667015	Bacteria|Bacteroidetes|Bacteroidia|Bacteroidales|Bacteroidaceae|Bacteroides|Bacteroides salanitronis|Bacteroides salanitronis DSM 18170	0.742886
397948	strain	2157|28889|183924|2266|2267|76886|76887|397948	Archaea|Crenarchaeota|Thermoprotei|Thermoproteales|Thermoproteaceae|Caldivirga|Caldivirga maquilingensis|Caldivirga maquilingensis IC-167	0.343659
761659	strain	2|976||1100069|563843|146918|146919|761659	Bacteria|Bacteroidetes||Bacteroidetes Order II. Incertae sedis|Rhodothermaceae|Salinibacter|Salinibacter ruber|Salinibacter ruber M8	0.061278
365046	strain	2|1224|28216|80840|80864|174951|94132|365046	Bacteria|Proteobacteria|Betaproteobacteria|Burkholderiales|Comamonadaceae|Ramlibacter|Ramlibacter tataouinensis|Ramlibacter tataouinensis TTB310	1.189581
365044	strain	2|1224|28216|80840|80864|52972|216465|365044	Bacteria|Proteobacteria|Betaproteobacteria|Burkholderiales|Comamonadaceae|Polaromonas|Polaromonas naphthalenivorans|Polaromonas naphthalenivorans CJ2	0.548788
553190	strain	2|201174|1760|85004|31953|2701|2702|553190	Bacteria|Actinobacteria|Actinobacteria|Bifidobacteriales|Bifidobacteriaceae|Gardnerella|Gardnerella vaginalis|Gardnerella vaginalis 409-05	1.391928
502025	strain	2|1224|28221|29|224464|162027|80816|502025	Bacteria|Proteobacteria|Deltaproteobacteria|Myxococcales|Kofleriaceae|Haliangium|Haliangium ochraceum|Haliangium ochraceum DSM 14365	1.038002
717961	strain	2|1239|186801|186802|541000|1508657|39492|717961	Bacteria|Firmicutes|Clostridia|Clostridiales|Ruminococcaceae|Ruminiclostridium|[Eubacterium] siraeum|[Eubacterium] siraeum V10Sc8a	1.123108
196162	species	2|201174|1760|2037|85015|1839|196162	Bacteria|Actinobacteria|Actinobacteria|Actinomycetales|Nocardioidaceae|Nocardioides|Nocardioides sp. JS614	0.336098
697281	strain	2|1239|186801|68295|543372|252965|252966|697281	Bacteria|Firmicutes|Clostridia|Thermoanaerobacterales|Thermoanaerobacterales Family IV. Incertae Sedis|Mahella|Mahella australiensis|Mahella australiensis 50-1 BON	0.157995
557760	strain	2|1224|28211|204455|31989|1060|1063|557760	Bacteria|Proteobacteria|Alphaproteobacteria|Rhodobacterales|Rhodobacteraceae|Rhodobacter|Rhodobacter sphaeroides|Rhodobacter sphaeroides KD131	0.583142
511995	strain	2|976|200643|171549||511434|511435|511995	Bacteria|Bacteroidetes|Bacteroidia|Bacteroidales||Candidatus Azobacteroides|Candidatus Azobacteroides pseudotrichonymphae|Candidatus Azobacteroides pseudotrichonymphae genomovar. CFP2	0.354250
491079	strain	2|203691|203692|136|137|157|160|491079	Bacteria|Spirochaetes|Spirochaetia|Spirochaetales|Spirochaetaceae|Treponema|Treponema pallidum|Treponema pallidum subsp. pertenue str. CDC2	1.630435
1034807	strain	2|976|117743|200644|49546|237|55197|1034807	Bacteria|Bacteroidetes|Flavobacteriia|Flavobacteriales|Flavobacteriaceae|Flavobacterium|Flavobacterium branchiophilum|Flavobacterium branchiophilum FL-15	0.412922
203907	species	2|1224|1236|91347|543|203804|203907	Bacteria|Proteobacteria|Gammaproteobacteria|Enterobacteriales|Enterobacteriaceae|Candidatus Blochmannia|Candidatus Blochmannia floridanus	0.230099
477641	species	2|201174|1760|2037|85030|88138|477641	Bacteria|Actinobacteria|Actinobacteria|Actinomycetales|Geodermatophilaceae|Modestobacter|Modestobacter marinus	0.773625
820	species	2|976|200643|171549|815|816|820	Bacteria|Bacteroidetes|Bacteroidia|Bacteroidales|Bacteroidaceae|Bacteroides|Bacteroides uniformis	0.055664
1005048	strain	2|1224|28216|80840|75682|202907|158899|1005048	Bacteria|Proteobacteria|Betaproteobacteria|Burkholderiales|Oxalobacteraceae|Collimonas|Collimonas fungivorans|Collimonas fungivorans Ter331	1.218557
1236689	strain	2157|28890|183967|1235850|1577788|1291539|1291540|1236689	Archaea|Euryarchaeota|Thermoplasmata|Methanomassiliicoccales|Methanomassiliicoccaceae|Candidatus Methanomethylophilus|Candidatus Methanomethylophilus alvus|Candidatus Methanomethylophilus alvus Mx1201	0.379237
349102	strain	2|1224|28211|204455|31989|1060|1063|349102	Bacteria|Proteobacteria|Alphaproteobacteria|Rhodobacterales|Rhodobacteraceae|Rhodobacter|Rhodobacter sphaeroides|Rhodobacter sphaeroides ATCC 17025	0.200942
1053648	strain	2|1224|28216|||189384|189385|1053648	Bacteria|Proteobacteria|Betaproteobacteria|||Candidatus Tremblaya|Candidatus Tremblaya princeps|Candidatus Tremblaya princeps PCVAL	1.442515
649638	strain	2|1297|188787|118964|332247|332248|332249|649638	Bacteria|Deinococcus-Thermus|Deinococci|Deinococcales|Trueperaceae|Truepera|Truepera radiovictrix|Truepera radiovictrix DSM 17093	0.259107
349741	strain	2|74201|203494|48461|203557|239934|239935|349741	Bacteria|Verrucomicrobia|Verrucomicrobiae|Verrucomicrobiales|Verrucomicrobiaceae|Akkermansia|Akkermansia muciniphila|Akkermansia muciniphila ATCC BAA-835	1.570508
319225	strain	2|1090|191410|191411|191412|1099|1100|319225	Bacteria|Chlorobi|Chlorobia|Chlorobiales|Chlorobiaceae|Pelodictyon|Pelodictyon luteolum|Chlorobium luteolum DSM 273	0.569455
439235	strain	2|1224|28221|213118|213119|218207|259354|439235	Bacteria|Proteobacteria|Deltaproteobacteria|Desulfobacterales|Desulfobacteraceae|Desulfatibacillum|Desulfatibacillum alkenivorans|Desulfatibacillum alkenivorans AK-01	0.620194
1056495	strain	2157|28889|183924|871006|255472|200414|200415|1056495	Archaea|Crenarchaeota|Thermoprotei|Acidilobales|Caldisphaeraceae|Caldisphaera|Caldisphaera lagunensis|Caldisphaera lagunensis DSM 15908	0.842677
374463	strain	2|1224|1236||||186490|374463	Bacteria|Proteobacteria|Gammaproteobacteria||||Candidatus Baumannia cicadellinicola|Baumannia cicadellinicola str. Hc (Homalodisca coagulata)	0.137648
1235990	species	2||||||1235990	Bacteria||||||Halyomorpha halys symbiont	0.290608
760011	strain	2|203691|203692|136|137|399320|273376|760011	Bacteria|Spirochaetes|Spirochaetia|Spirochaetales|Spirochaetaceae|Sphaerochaeta|Sphaerochaeta coccoides|Sphaerochaeta coccoides DSM 17374	0.519779
478801	strain	2|201174|1760|2037|145357|57499|1276|478801	Bacteria|Actinobacteria|Actinobacteria|Actinomycetales|Dermacoccaceae|Kytococcus|Kytococcus sedentarius|Kytococcus sedentarius DSM 20547	1.066418
457425	strain	2|201174|1760|2037|2062|1883|1888|457425	Bacteria|Actinobacteria|Actinobacteria|Actinomycetales|Streptomycetaceae|Streptomyces|Streptomyces albus|Streptomyces albus J1074	0.749883
235279	strain	2|1224|29547|213849|72293|209|32025|235279	Bacteria|Proteobacteria|Epsilonproteobacteria|Campylobacterales|Helicobacteraceae|Helicobacter|Helicobacter hepaticus|Helicobacter hepaticus ATCC 51449	0.183744
446469	strain	2|201174|1760|2037|145360|60919|60920|446469	Bacteria|Actinobacteria|Actinobacteria|Actinomycetales|Sanguibacteraceae|Sanguibacter|Sanguibacter keddieii|Sanguibacter keddieii DSM 10542	2.177161
228908	strain	2157|192989||||193568|160232|228908	Archaea|Nanoarchaeota||||Nanoarchaeum|Nanoarchaeum equitans|Nanoarchaeum equitans Kin4-M	0.545458
318586	strain	2|1224|28211|204455|31989|265|266|318586	Bacteria|Proteobacteria|Alphaproteobacteria|Rhodobacterales|Rhodobacteraceae|Paracoccus|Paracoccus denitrificans|Paracoccus denitrificans PD1222	2.624511
233412	strain	2|1224|1236|135625|712|724|730|233412	Bacteria|Proteobacteria|Gammaproteobacteria|Pasteurellales|Pasteurellaceae|Haemophilus|Haemophilus ducreyi|Haemophilus ducreyi 35000HP	1.295608
648757	strain	2|1224|28211|356|45401|1068|1069|648757	Bacteria|Proteobacteria|Alphaproteobacteria|Rhizobiales|Hyphomicrobiaceae|Rhodomicrobium|Rhodomicrobium vannielii|Rhodomicrobium vannielii ATCC 17100	1.216042
515619	strain	2|1239|186801|186802|186806|1730|39491|515619	Bacteria|Firmicutes|Clostridia|Clostridiales|Eubacteriaceae|Eubacterium|Eubacterium rectale|Eubacterium rectale ATCC 33656	4.089299
1367477	strain	2|1239|91061|1385|186817|1386|324767|1367477	Bacteria|Firmicutes|Bacilli|Bacillales|Bacillaceae|Bacillus|Bacillus infantis|Bacillus infantis NRRL B-14911	1.801895
1291379	strain	2|203691|203692|136|137|157|409322|1291379	Bacteria|Spirochaetes|Spirochaetia|Spirochaetales|Spirochaetaceae|Treponema|Treponema pedis|Treponema pedis str. T A4	0.220112
700598	strain	2|976|117747|200666|563835|354354|354356|700598	Bacteria|Bacteroidetes|Sphingobacteriia|Sphingobacteriales|Chitinophagaceae|Niastella|Niastella koreensis|Niastella koreensis GR20-10	4.565920
984262	strain	2|976|117747|200666|89374|1007|1008|984262	Bacteria|Bacteroidetes|Sphingobacteriia|Sphingobacteriales|Saprospiraceae|Saprospira|Saprospira grandis|Saprospira grandis str. Lewin	0.398106
446470	strain	2|201174|1760|2037|85034|283810|283811|446470	Bacteria|Actinobacteria|Actinobacteria|Actinomycetales|Glycomycetaceae|Stackebrandtia|Stackebrandtia nassauensis|Stackebrandtia nassauensis DSM 44728	0.030373
387662	strain	2|1224|1236|135619|28256|114185|114186|387662	Bacteria|Proteobacteria|Gammaproteobacteria|Oceanospirillales|Halomonadaceae|Candidatus Carsonella|Candidatus Carsonella ruddii|Candidatus Carsonella ruddii PV	0.086900
391735	strain	2|1224|28216|80840|80864|364316|364317|391735	Bacteria|Proteobacteria|Betaproteobacteria|Burkholderiales|Comamonadaceae|Verminephrobacter|Verminephrobacter eiseniae|Verminephrobacter eiseniae EF01-2	0.714684
1089456	strain	2|1224|1236|72274|135621|286|287|1089456	Bacteria|Proteobacteria|Gammaproteobacteria|Pseudomonadales|Pseudomonadaceae|Pseudomonas|Pseudomonas aeruginosa|Pseudomonas aeruginosa NCGM2.S1	1.552619
610130	strain	2|1239|186801|186802|186803|1506553|84030|610130	Bacteria|Firmicutes|Clostridia|Clostridiales|Lachnospiraceae|Lachnoclostridium|[Clostridium] saccharolyticum|[Clostridium] saccharolyticum WM1	0.840596
269798	strain	2|976|768503|768507|89373|978|985|269798	Bacteria|Bacteroidetes|Cytophagia|Cytophagales|Cytophagaceae|Cytophaga|Cytophaga hutchinsonii|Cytophaga hutchinsonii ATCC 33406	0.931788
645127	strain	2|201174|1760|2037|1653|1716|161879|645127	Bacteria|Actinobacteria|Actinobacteria|Actinomycetales|Corynebacteriaceae|Corynebacterium|Corynebacterium kroppenstedtii|Corynebacterium kroppenstedtii DSM 44385	0.169436
710696	strain	2|201174|1760|2037|85021|53357|53358|710696	Bacteria|Actinobacteria|Actinobacteria|Actinomycetales|Intrasporangiaceae|Intrasporangium|Intrasporangium calvum|Intrasporangium calvum DSM 43043	3.323514
203275	strain	2|976|200643|171549|171551|195950|28112|203275	Bacteria|Bacteroidetes|Bacteroidia|Bacteroidales|Porphyromonadaceae|Tannerella|Tannerella forsythia|Tannerella forsythia ATCC 43037	0.077643
444177	strain	2|1239|91061|1385|186817|400634|1421|444177	Bacteria|Firmicutes|Bacilli|Bacillales|Bacillaceae|Lysinibacillus|Lysinibacillus sphaericus|Lysinibacillus sphaericus C3-41	5.241436
1094466	strain	2|976|117743|200644|49546|237|312277|1094466	Bacteria|Bacteroidetes|Flavobacteriia|Flavobacteriales|Flavobacteriaceae|Flavobacterium|Flavobacterium indicum|Flavobacterium indicum GPTSA100-9 = DSM 17447	2.946710
522373	strain	2|1224|1236|135614|32033|40323|40324|522373	Bacteria|Proteobacteria|Gammaproteobacteria|Xanthomonadales|Xanthomonadaceae|Stenotrophomonas|Stenotrophomonas maltophilia|Stenotrophomonas maltophilia K279a	0.511605
1074889	strain	2|976|117743|200644|39782|34098|39768|1074889	Bacteria|Bacteroidetes|Flavobacteriia|Flavobacteriales|Blattabacteriaceae|Blattabacterium|Blattabacterium sp. (Mastotermes darwiniensis)|Blattabacterium sp. (Mastotermes darwiniensis) str. MADAR	0.057220
983917	strain	2|1224|28216|80840||28067|28068|983917	Bacteria|Proteobacteria|Betaproteobacteria|Burkholderiales||Rubrivivax|Rubrivivax gelatinosus|Rubrivivax gelatinosus IL144	0.141151
523841	strain	2157|28890|183963|2235|2236|2251|2252|523841	Archaea|Euryarchaeota|Halobacteria|Halobacteriales|Halobacteriaceae|Haloferax|Haloferax mediterranei|Haloferax mediterranei ATCC 33500	0.474850
757424	strain	2|1224|28216|80840|75682|963|964|757424	Bacteria|Proteobacteria|Betaproteobacteria|Burkholderiales|Oxalobacteraceae|Herbaspirillum|Herbaspirillum seropedicae|Herbaspirillum seropedicae SmR1	0.296556
290318	strain	2|1090|191410|191411|191412|1091|1094|290318	Bacteria|Chlorobi|Chlorobia|Chlorobiales|Chlorobiaceae|Chlorobium|Chlorobium phaeovibrioides|Chlorobium phaeovibrioides DSM 265	1.850870
504728	strain	2|1297|188787|68933|188786|65551|277|504728	Bacteria|Deinococcus-Thermus|Deinococci|Thermales|Thermaceae|Meiothermus|Meiothermus ruber|Meiothermus ruber DSM 1279	0.181644
420662	strain	2|1224|28216|80840||316612|105560|420662	Bacteria|Proteobacteria|Betaproteobacteria|Burkholderiales||Methylibium|Methylibium petroleiphilum|Methylibium petroleiphilum PM1	0.854590
941639	strain	2|1239|91061|1385|186817|1386|1398|941639	Bacteria|Firmicutes|Bacilli|Bacillales|Bacillaceae|Bacillus|Bacillus coagulans|Bacillus coagulans 2-6	0.066350
375286	species	2|1224|28216|80840|75682|29580|375286	Bacteria|Proteobacteria|Betaproteobacteria|Burkholderiales|Oxalobacteraceae|Janthinobacterium|Janthinobacterium sp. Marseille	1.493240
1412841	strain	2|1224|28211|766|942|768|770|1412841	Bacteria|Proteobacteria|Alphaproteobacteria|Rickettsiales|Anaplasmataceae|Anaplasma|Anaplasma marginale|Anaplasma marginale str. Dawn	0.285583
1003195	strain	2|201174|1760|2037|2062|1883|29303|1003195	Bacteria|Actinobacteria|Actinobacteria|Actinomycetales|Streptomycetaceae|Streptomyces|Streptomyces cattleya|Streptomyces cattleya NRRL 8057 = DSM 46488	0.804334
1216976	strain	2|1224|28216|80840|506|222|85698|1216976	Bacteria|Proteobacteria|Betaproteobacteria|Burkholderiales|Alcaligenaceae|Achromobacter|Achromobacter xylosoxidans|Achromobacter xylosoxidans NBRC 15126 = ATCC 27061	6.904982
1367847	strain	2|1224|28211|204455|31989|265|34003|1367847	Bacteria|Proteobacteria|Alphaproteobacteria|Rhodobacterales|Rhodobacteraceae|Paracoccus|Paracoccus aminophilus|Paracoccus aminophilus JCM 7686	0.136202
883	strain	2|1224|28221|213115|194924|872|881|883	Bacteria|Proteobacteria|Deltaproteobacteria|Desulfovibrionales|Desulfovibrionaceae|Desulfovibrio|Desulfovibrio vulgaris|Desulfovibrio vulgaris str. 'Miyazaki F'	0.337149
882	strain	2|1224|28221|213115|194924|872|881|882	Bacteria|Proteobacteria|Deltaproteobacteria|Desulfovibrionales|Desulfovibrionaceae|Desulfovibrio|Desulfovibrio vulgaris|Desulfovibrio vulgaris str. Hildenborough	1.187957
515620	strain	2|1239|186801|186802|186806|1730|39485|515620	Bacteria|Firmicutes|Clostridia|Clostridiales|Eubacteriaceae|Eubacterium|[Eubacterium] eligens|[Eubacterium] eligens ATCC 27750	1.936280
479436	strain	2|1239|909932|909929|31977|29465|29466|479436	Bacteria|Firmicutes|Negativicutes|Selenomonadales|Veillonellaceae|Veillonella|Veillonella parvula|Veillonella parvula DSM 2008	0.527829
693977	strain	2|1297|188787|118964|183710|1298|55148|693977	Bacteria|Deinococcus-Thermus|Deinococci|Deinococcales|Deinococcaceae|Deinococcus|Deinococcus proteolyticus|Deinococcus proteolyticus MRP	1.624254
272568	strain	2|1224|28211|204441|433|89583|33996|272568	Bacteria|Proteobacteria|Alphaproteobacteria|Rhodospirillales|Acetobacteraceae|Gluconacetobacter|Gluconacetobacter diazotrophicus|Gluconacetobacter diazotrophicus PA1 5	0.522317
694429	strain	2157|28889|183924|114380|2307|54251|54252|694429	Archaea|Crenarchaeota|Thermoprotei|Desulfurococcales|Pyrodictiaceae|Pyrolobus|Pyrolobus fumarii|Pyrolobus fumarii 1A	0.044655
324057	species	2|1239|91061|1385|186822|44249|324057	Bacteria|Firmicutes|Bacilli|Bacillales|Paenibacillaceae|Paenibacillus|Paenibacillus sp. JDR-2	1.843774
335541	strain	2|1239|186801|186802|68298|862|863|335541	Bacteria|Firmicutes|Clostridia|Clostridiales|Syntrophomonadaceae|Syntrophomonas|Syntrophomonas wolfei|Syntrophomonas wolfei subsp. wolfei str. Goettingen G311	0.086560
1121335	strain	2|1239|186801|186802|541000|1508657|1510|1121335	Bacteria|Firmicutes|Clostridia|Clostridiales|Ruminococcaceae|Ruminiclostridium|[Clostridium] stercorarium|[Clostridium] stercorarium subsp. stercorarium DSM 8532	1.378141
1002809	strain	2|1239|91061|1385|186818|648800|76853|1002809	Bacteria|Firmicutes|Bacilli|Bacillales|Planococcaceae|Solibacillus|Solibacillus silvestris|Solibacillus silvestris StLB046	1.605449
545695	strain	2|203691|203692|136|137|157|150829|545695	Bacteria|Spirochaetes|Spirochaetia|Spirochaetales|Spirochaetaceae|Treponema|Treponema azotonutricium|Treponema azotonutricium ZAS-9	0.198836
573370	strain	2|1224|28221|213115|194924|872|184917|573370	Bacteria|Proteobacteria|Deltaproteobacteria|Desulfovibrionales|Desulfovibrionaceae|Desulfovibrio|Desulfovibrio magneticus|Desulfovibrio magneticus RS-1	0.622135
1231626	strain	2|976|768503|768507|1501348|273135|249402|1231626	Bacteria|Bacteroidetes|Cytophagia|Cytophagales|Amoebophilaceae|Candidatus Cardinium|Cardinium endosymbiont of Encarsia pergandiella|Cardinium endosymbiont cEper1 of Encarsia pergandiella	0.473843
266940	strain	2|201174|1760|2037|83778|33981|131568|266940	Bacteria|Actinobacteria|Actinobacteria|Actinomycetales|Kineosporiaceae|Kineococcus|Kineococcus radiotolerans|Kineococcus radiotolerans SRS30216 = ATCC BAA-149	1.448315
1399115	species	2|1239|91061|1385||33986|1399115	Bacteria|Firmicutes|Bacilli|Bacillales||Exiguobacterium|Exiguobacterium sp. MH3	2.108081
941193	strain	2|1224|1236|72274|135621|286|287|941193	Bacteria|Proteobacteria|Gammaproteobacteria|Pseudomonadales|Pseudomonadaceae|Pseudomonas|Pseudomonas aeruginosa|Pseudomonas aeruginosa M18	3.420840
471854	strain	2|976|768503|768507|89373|120831|94254|471854	Bacteria|Bacteroidetes|Cytophagia|Cytophagales|Cytophagaceae|Dyadobacter|Dyadobacter fermentans|Dyadobacter fermentans DSM 18053	0.357883
985053	strain	2157|28889|183924|2266|2267|164450|985052|985053	Archaea|Crenarchaeota|Thermoprotei|Thermoproteales|Thermoproteaceae|Vulcanisaeta|Vulcanisaeta moutnovskia|Vulcanisaeta moutnovskia 768-28	0.685844
748280	species	2|1224|28216|206351|1499392|568394|748280	Bacteria|Proteobacteria|Betaproteobacteria|Neisseriales|Chromobacteriaceae|Pseudogulbenkiania|Pseudogulbenkiania sp. NH8B	0.526836
183967	class	2157|28890|183967	Archaea|Euryarchaeota|Thermoplasmata	0.379237
183710	family	2|1297|188787|118964|183710	Bacteria|Deinococcus-Thermus|Deinococci|Deinococcales|Deinococcaceae	1.624254
76886	genus	2157|28889|183924|2266|2267|76886	Archaea|Crenarchaeota|Thermoprotei|Thermoproteales|Thermoproteaceae|Caldivirga	0.343659
76887	species	2157|28889|183924|2266|2267|76886|76887	Archaea|Crenarchaeota|Thermoprotei|Thermoproteales|Thermoproteaceae|Caldivirga|Caldivirga maquilingensis	0.343659
183963	class	2157|28890|183963	Archaea|Euryarchaeota|Halobacteria	0.474850
84999	order	2|201174|1760|84999	Bacteria|Actinobacteria|Actinobacteria|Coriobacteriales	1.648140
1263	genus	2|1239|186801|186802|541000|1263	Bacteria|Firmicutes|Clostridia|Clostridiales|Ruminococcaceae|Ruminococcus	0.258827
34003	species	2|1224|28211|204455|31989|265|34003	Bacteria|Proteobacteria|Alphaproteobacteria|Rhodobacterales|Rhodobacteraceae|Paracoccus|Paracoccus aminophilus	0.136202
161879	species	2|201174|1760|2037|1653|1716|161879	Bacteria|Actinobacteria|Actinobacteria|Actinomycetales|Corynebacteriaceae|Corynebacterium|Corynebacterium kroppenstedtii	0.169436
200666	order	2|976|117747|200666	Bacteria|Bacteroidetes|Sphingobacteriia|Sphingobacteriales	4.964026
206351	order	2|1224|28216|206351	Bacteria|Proteobacteria|Betaproteobacteria|Neisseriales	0.526836
131568	species	2|201174|1760|2037|83778|33981|131568	Bacteria|Actinobacteria|Actinobacteria|Actinomycetales|Kineosporiaceae|Kineococcus|Kineococcus radiotolerans	1.448315
80864	family	2|1224|28216|80840|80864	Bacteria|Proteobacteria|Betaproteobacteria|Burkholderiales|Comamonadaceae	2.453053
137	family	2|203691|203692|136|137	Bacteria|Spirochaetes|Spirochaetia|Spirochaetales|Spirochaetaceae	2.569161
136	order	2|203691|203692|136	Bacteria|Spirochaetes|Spirochaetia|Spirochaetales	2.569161
32033	family	2|1224|1236|135614|32033	Bacteria|Proteobacteria|Gammaproteobacteria|Xanthomonadales|Xanthomonadaceae	0.511605
2092	family	2|544448|31969|2085|2092	Bacteria|Tenericutes|Mollicutes|Mycoplasmatales|Mycoplasmataceae	0.057399
39485	species	2|1239|186801|186802|186806|1730|39485	Bacteria|Firmicutes|Clostridia|Clostridiales|Eubacteriaceae|Eubacterium|[Eubacterium] eligens	1.936280
65551	genus	2|1297|188787|68933|188786|65551	Bacteria|Deinococcus-Thermus|Deinococci|Thermales|Thermaceae|Meiothermus	0.181644
146919	species	2|976||1100069|563843|146918|146919	Bacteria|Bacteroidetes||Bacteroidetes Order II. Incertae sedis|Rhodothermaceae|Salinibacter|Salinibacter ruber	0.061278
146918	genus	2|976||1100069|563843|146918	Bacteria|Bacteroidetes||Bacteroidetes Order II. Incertae sedis|Rhodothermaceae|Salinibacter	0.061278
978	genus	2|976|768503|768507|89373|978	Bacteria|Bacteroidetes|Cytophagia|Cytophagales|Cytophagaceae|Cytophaga	0.931788
354356	species	2|976|117747|200666|563835|354354|354356	Bacteria|Bacteroidetes|Sphingobacteriia|Sphingobacteriales|Chitinophagaceae|Niastella|Niastella koreensis	4.565920
354354	genus	2|976|117747|200666|563835|354354	Bacteria|Bacteroidetes|Sphingobacteriia|Sphingobacteriales|Chitinophagaceae|Niastella	4.565920
28068	species	2|1224|28216|80840||28067|28068	Bacteria|Proteobacteria|Betaproteobacteria|Burkholderiales||Rubrivivax|Rubrivivax gelatinosus	0.141151
60919	genus	2|201174|1760|2037|145360|60919	Bacteria|Actinobacteria|Actinobacteria|Actinomycetales|Sanguibacteraceae|Sanguibacter	2.177161
332248	genus	2|1297|188787|118964|332247|332248	Bacteria|Deinococcus-Thermus|Deinococci|Deinococcales|Trueperaceae|Truepera	0.259107
2251	genus	2157|28890|183963|2235|2236|2251	Archaea|Euryarchaeota|Halobacteria|Halobacteriales|Halobacteriaceae|Haloferax	0.474850
1839	genus	2|201174|1760|2037|85015|1839	Bacteria|Actinobacteria|Actinobacteria|Actinomycetales|Nocardioidaceae|Nocardioides	0.336098
909929	order	2|1239|909932|909929	Bacteria|Firmicutes|Negativicutes|Selenomonadales	0.558295
29	order	2|1224|28221|29	Bacteria|Proteobacteria|Deltaproteobacteria|Myxococcales	1.038002
28256	family	2|1224|1236|135619|28256	Bacteria|Proteobacteria|Gammaproteobacteria|Oceanospirillales|Halomonadaceae	0.086900
49546	family	2|976|117743|200644|49546	Bacteria|Bacteroidetes|Flavobacteriia|Flavobacteriales|Flavobacteriaceae	3.995742
543	family	2|1224|1236|91347|543	Bacteria|Proteobacteria|Gammaproteobacteria|Enterobacteriales|Enterobacteriaceae	0.230099
187327	species	2|1239|909932|909929|909930|904|187327	Bacteria|Firmicutes|Negativicutes|Selenomonadales|Acidaminococcaceae|Acidaminococcus|Acidaminococcus intestini	0.030466
2157	superkingdom	2157	Archaea	3.316379
871006	order	2157|28889|183924|871006	Archaea|Crenarchaeota|Thermoprotei|Acidilobales	0.842677
189384	genus	2|1224|28216|||189384	Bacteria|Proteobacteria|Betaproteobacteria|||Candidatus Tremblaya	1.442515
28216	class	2|1224|28216	Bacteria|Proteobacteria|Betaproteobacteria	15.331480
287	species	2|1224|1236|72274|135621|286|287	Bacteria|Proteobacteria|Gammaproteobacteria|Pseudomonadales|Pseudomonadaceae|Pseudomonas|Pseudomonas aeruginosa	4.973460
85015	family	2|201174|1760|2037|85015	Bacteria|Actinobacteria|Actinobacteria|Actinomycetales|Nocardioidaceae	0.336098
815	family	2|976|200643|171549|815	Bacteria|Bacteroidetes|Bacteroidia|Bacteroidales|Bacteroidaceae	0.798550
816	genus	2|976|200643|171549|815|816	Bacteria|Bacteroidetes|Bacteroidia|Bacteroidales|Bacteroidaceae|Bacteroides	0.798550
28211	class	2|1224|28211	Bacteria|Proteobacteria|Alphaproteobacteria	6.157265
200415	species	2157|28889|183924|871006|255472|200414|200415	Archaea|Crenarchaeota|Thermoprotei|Acidilobales|Caldisphaeraceae|Caldisphaera|Caldisphaera lagunensis	0.842677
1508657	genus	2|1239|186801|186802|541000|1508657	Bacteria|Firmicutes|Clostridia|Clostridiales|Ruminococcaceae|Ruminiclostridium	2.501249
1090	phylum	2|1090	Bacteria|Chlorobi	3.523099
1091	genus	2|1090|191410|191411|191412|1091	Bacteria|Chlorobi|Chlorobia|Chlorobiales|Chlorobiaceae|Chlorobium	2.953644
1235850	order	2157|28890|183967|1235850	Archaea|Euryarchaeota|Thermoplasmata|Methanomassiliicoccales	0.379237
105560	species	2|1224|28216|80840||316612|105560	Bacteria|Proteobacteria|Betaproteobacteria|Burkholderiales||Methylibium|Methylibium petroleiphilum	0.854590
568394	genus	2|1224|28216|206351|1499392|568394	Bacteria|Proteobacteria|Betaproteobacteria|Neisseriales|Chromobacteriaceae|Pseudogulbenkiania	0.526836
2701	genus	2|201174|1760|85004|31953|2701	Bacteria|Actinobacteria|Actinobacteria|Bifidobacteriales|Bifidobacteriaceae|Gardnerella	1.391928
1099	genus	2|1090|191410|191411|191412|1099	Bacteria|Chlorobi|Chlorobia|Chlorobiales|Chlorobiaceae|Pelodictyon	0.569455
364316	genus	2|1224|28216|80840|80864|364316	Bacteria|Proteobacteria|Betaproteobacteria|Burkholderiales|Comamonadaceae|Verminephrobacter	0.714684
2702	species	2|201174|1760|85004|31953|2701|2702	Bacteria|Actinobacteria|Actinobacteria|Bifidobacteriales|Bifidobacteriaceae|Gardnerella|Gardnerella vaginalis	1.391928
32025	species	2|1224|29547|213849|72293|209|32025	Bacteria|Proteobacteria|Epsilonproteobacteria|Campylobacterales|Helicobacteraceae|Helicobacter|Helicobacter hepaticus	0.183744
266	species	2|1224|28211|204455|31989|265|266	Bacteria|Proteobacteria|Alphaproteobacteria|Rhodobacterales|Rhodobacteraceae|Paracoccus|Paracoccus denitrificans	2.624511
265	genus	2|1224|28211|204455|31989|265	Bacteria|Proteobacteria|Alphaproteobacteria|Rhodobacterales|Rhodobacteraceae|Paracoccus	2.760713
1653	family	2|201174|1760|2037|1653	Bacteria|Actinobacteria|Actinobacteria|Actinomycetales|Corynebacteriaceae	0.169436
252965	genus	2|1239|186801|68295|543372|252965	Bacteria|Firmicutes|Clostridia|Thermoanaerobacterales|Thermoanaerobacterales Family IV. Incertae Sedis|Mahella	0.157995
252966	species	2|1239|186801|68295|543372|252965|252966	Bacteria|Firmicutes|Clostridia|Thermoanaerobacterales|Thermoanaerobacterales Family IV. Incertae Sedis|Mahella|Mahella australiensis	0.157995
316612	genus	2|1224|28216|80840||316612	Bacteria|Proteobacteria|Betaproteobacteria|Burkholderiales||Methylibium	0.854590
942	family	2|1224|28211|766|942	Bacteria|Proteobacteria|Alphaproteobacteria|Rickettsiales|Anaplasmataceae	0.285583
89374	family	2|976|117747|200666|89374	Bacteria|Bacteroidetes|Sphingobacteriia|Sphingobacteriales|Saprospiraceae	0.398106
1069	species	2|1224|28211|356|45401|1068|1069	Bacteria|Proteobacteria|Alphaproteobacteria|Rhizobiales|Hyphomicrobiaceae|Rhodomicrobium|Rhodomicrobium vannielii	1.216042
573657	genus	2|1224|28211|356||573657	Bacteria|Proteobacteria|Alphaproteobacteria|Rhizobiales||Candidatus Hodgkinia	0.196455
1068	genus	2|1224|28211|356|45401|1068	Bacteria|Proteobacteria|Alphaproteobacteria|Rhizobiales|Hyphomicrobiaceae|Rhodomicrobium	1.216042
1060	genus	2|1224|28211|204455|31989|1060	Bacteria|Proteobacteria|Alphaproteobacteria|Rhodobacterales|Rhodobacteraceae|Rhodobacter	1.176155
1063	species	2|1224|28211|204455|31989|1060|1063	Bacteria|Proteobacteria|Alphaproteobacteria|Rhodobacterales|Rhodobacteraceae|Rhodobacter|Rhodobacter sphaeroides	1.176155
963	genus	2|1224|28216|80840|75682|963	Bacteria|Proteobacteria|Betaproteobacteria|Burkholderiales|Oxalobacteraceae|Herbaspirillum	0.296556
573658	species	2|1224|28211|356||573657|573658	Bacteria|Proteobacteria|Alphaproteobacteria|Rhizobiales||Candidatus Hodgkinia|Candidatus Hodgkinia cicadicola	0.196455
118964	order	2|1297|188787|118964	Bacteria|Deinococcus-Thermus|Deinococci|Deinococcales	1.883362
216465	species	2|1224|28216|80840|80864|52972|216465	Bacteria|Proteobacteria|Betaproteobacteria|Burkholderiales|Comamonadaceae|Polaromonas|Polaromonas naphthalenivorans	0.548788
1291540	species	2157|28890|183967|1235850|1577788|1291539|1291540	Archaea|Euryarchaeota|Thermoplasmata|Methanomassiliicoccales|Methanomassiliicoccaceae|Candidatus Methanomethylophilus|Candidatus Methanomethylophilus alvus	0.379237
68933	order	2|1297|188787|68933	Bacteria|Deinococcus-Thermus|Deinococci|Thermales	0.181644
1499392	family	2|1224|28216|206351|1499392	Bacteria|Proteobacteria|Betaproteobacteria|Neisseriales|Chromobacteriaceae	0.526836
399320	genus	2|203691|203692|136|137|399320	Bacteria|Spirochaetes|Spirochaetia|Spirochaetales|Spirochaetaceae|Sphaerochaeta	0.519779
1385	order	2|1239|91061|1385	Bacteria|Firmicutes|Bacilli|Bacillales	14.239063
28221	class	2|1224|28221	Bacteria|Proteobacteria|Deltaproteobacteria	3.805436
2252	species	2157|28890|183963|2235|2236|2251|2252	Archaea|Euryarchaeota|Halobacteria|Halobacteriales|Halobacteriaceae|Haloferax|Haloferax mediterranei	0.474850
85004	order	2|201174|1760|85004	Bacteria|Actinobacteria|Actinobacteria|Bifidobacteriales	1.391928
29303	species	2|201174|1760|2037|2062|1883|29303	Bacteria|Actinobacteria|Actinobacteria|Actinomycetales|Streptomycetaceae|Streptomyces|Streptomyces cattleya	0.804334
203691	phylum	2|203691	Bacteria|Spirochaetes	2.569161
203692	class	2|203691|203692	Bacteria|Spirochaetes|Spirochaetia	2.569161
1279	genus	2|1239|91061|1385|90964|1279	Bacteria|Firmicutes|Bacilli|Bacillales|Staphylococcaceae|Staphylococcus	0.174172
135625	order	2|1224|1236|135625	Bacteria|Proteobacteria|Gammaproteobacteria|Pasteurellales	1.295608
75682	family	2|1224|28216|80840|75682	Bacteria|Proteobacteria|Betaproteobacteria|Burkholderiales|Oxalobacteraceae	3.008353
135621	family	2|1224|1236|72274|135621	Bacteria|Proteobacteria|Gammaproteobacteria|Pseudomonadales|Pseudomonadaceae	4.973460
31989	family	2|1224|28211|204455|31989	Bacteria|Proteobacteria|Alphaproteobacteria|Rhodobacterales|Rhodobacteraceae	3.936868
48461	order	2|74201|203494|48461	Bacteria|Verrucomicrobia|Verrucomicrobiae|Verrucomicrobiales	1.570508
985	species	2|976|768503|768507|89373|978|985	Bacteria|Bacteroidetes|Cytophagia|Cytophagales|Cytophagaceae|Cytophaga|Cytophaga hutchinsonii	0.931788
94132	species	2|1224|28216|80840|80864|174951|94132	Bacteria|Proteobacteria|Betaproteobacteria|Burkholderiales|Comamonadaceae|Ramlibacter|Ramlibacter tataouinensis	1.189581
85034	family	2|201174|1760|2037|85034	Bacteria|Actinobacteria|Actinobacteria|Actinomycetales|Glycomycetaceae	0.030373
159743	species	2|1239|91061|1385|186822|44249|159743	Bacteria|Firmicutes|Bacilli|Bacillales|Paenibacillaceae|Paenibacillus|Paenibacillus terrae	1.397906
200643	class	2|976|200643	Bacteria|Bacteroidetes|Bacteroidia	1.230443
53357	genus	2|201174|1760|2037|85021|53357	Bacteria|Actinobacteria|Actinobacteria|Actinomycetales|Intrasporangiaceae|Intrasporangium	3.323514
324767	species	2|1239|91061|1385|186817|1386|324767	Bacteria|Firmicutes|Bacilli|Bacillales|Bacillaceae|Bacillus|Bacillus infantis	1.801895
1501348	family	2|976|768503|768507|1501348	Bacteria|Bacteroidetes|Cytophagia|Cytophagales|Amoebophilaceae	0.473843
200644	order	2|976|117743|200644	Bacteria|Bacteroidetes|Flavobacteriia|Flavobacteriales	4.052963
29580	genus	2|1224|28216|80840|75682|29580	Bacteria|Proteobacteria|Betaproteobacteria|Burkholderiales|Oxalobacteraceae|Janthinobacterium	1.493240
202907	genus	2|1224|28216|80840|75682|202907	Bacteria|Proteobacteria|Betaproteobacteria|Burkholderiales|Oxalobacteraceae|Collimonas	1.218557
28033	genus	2|1239|186801|186802|539000|28033	Bacteria|Firmicutes|Clostridia|Clostridiales|Clostridiales Family XVII. Incertae Sedis|Sulfobacillus	0.128891
830	genus	2|1239|186801|186802|186803|830	Bacteria|Firmicutes|Clostridia|Clostridiales|Lachnospiraceae|Butyrivibrio	2.157348
90964	family	2|1239|91061|1385|90964	Bacteria|Firmicutes|Bacilli|Bacillales|Staphylococcaceae	0.174172
259354	species	2|1224|28221|213118|213119|218207|259354	Bacteria|Proteobacteria|Deltaproteobacteria|Desulfobacterales|Desulfobacteraceae|Desulfatibacillum|Desulfatibacillum alkenivorans	0.620194
85030	family	2|201174|1760|2037|85030	Bacteria|Actinobacteria|Actinobacteria|Actinomycetales|Geodermatophilaceae	0.773625
186490	species	2|1224|1236||||186490	Bacteria|Proteobacteria|Gammaproteobacteria||||Candidatus Baumannia cicadellinicola	0.137648
200414	genus	2157|28889|183924|871006|255472|200414	Archaea|Crenarchaeota|Thermoprotei|Acidilobales|Caldisphaeraceae|Caldisphaera	0.842677
724	genus	2|1224|1236|135625|712|724	Bacteria|Proteobacteria|Gammaproteobacteria|Pasteurellales|Pasteurellaceae|Haemophilus	1.295608
2307	family	2157|28889|183924|114380|2307	Archaea|Crenarchaeota|Thermoprotei|Desulfurococcales|Pyrodictiaceae	0.044655
54252	species	2157|28889|183924|114380|2307|54251|54252	Archaea|Crenarchaeota|Thermoprotei|Desulfurococcales|Pyrodictiaceae|Pyrolobus|Pyrolobus fumarii	0.044655
239934	genus	2|74201|203494|48461|203557|239934	Bacteria|Verrucomicrobia|Verrucomicrobiae|Verrucomicrobiales|Verrucomicrobiaceae|Akkermansia	1.570508
239935	species	2|74201|203494|48461|203557|239934|239935	Bacteria|Verrucomicrobia|Verrucomicrobiae|Verrucomicrobiales|Verrucomicrobiaceae|Akkermansia|Akkermansia muciniphila	1.570508
1398	species	2|1239|91061|1385|186817|1386|1398	Bacteria|Firmicutes|Bacilli|Bacillales|Bacillaceae|Bacillus|Bacillus coagulans	0.066350
213849	order	2|1224|29547|213849	Bacteria|Proteobacteria|Epsilonproteobacteria|Campylobacterales	0.183744
770	species	2|1224|28211|766|942|768|770	Bacteria|Proteobacteria|Alphaproteobacteria|Rickettsiales|Anaplasmataceae|Anaplasma|Anaplasma marginale	0.285583
91347	order	2|1224|1236|91347	Bacteria|Proteobacteria|Gammaproteobacteria|Enterobacteriales	0.230099
2266	order	2157|28889|183924|2266	Archaea|Crenarchaeota|Thermoprotei|Thermoproteales	1.029503
2267	family	2157|28889|183924|2266|2267	Archaea|Crenarchaeota|Thermoprotei|Thermoproteales|Thermoproteaceae	1.029503
117747	class	2|976|117747	Bacteria|Bacteroidetes|Sphingobacteriia	4.964026
145357	family	2|201174|1760|2037|145357	Bacteria|Actinobacteria|Actinobacteria|Actinomycetales|Dermacoccaceae	1.066418
135619	order	2|1224|1236|135619	Bacteria|Proteobacteria|Gammaproteobacteria|Oceanospirillales	0.086900
1236	class	2|1224|1236	Bacteria|Proteobacteria|Gammaproteobacteria	7.235319
768503	class	2|976|768503	Bacteria|Bacteroidetes|Cytophagia	1.763514
55148	species	2|1297|188787|118964|183710|1298|55148	Bacteria|Deinococcus-Thermus|Deinococci|Deinococcales|Deinococcaceae|Deinococcus|Deinococcus proteolyticus	1.624254
511434	genus	2|976|200643|171549||511434	Bacteria|Bacteroidetes|Bacteroidia|Bacteroidales||Candidatus Azobacteroides	0.354250
511435	species	2|976|200643|171549||511434|511435	Bacteria|Bacteroidetes|Bacteroidia|Bacteroidales||Candidatus Azobacteroides|Candidatus Azobacteroides pseudotrichonymphae	0.354250
89583	genus	2|1224|28211|204441|433|89583	Bacteria|Proteobacteria|Alphaproteobacteria|Rhodospirillales|Acetobacteraceae|Gluconacetobacter	0.522317
135614	order	2|1224|1236|135614	Bacteria|Proteobacteria|Gammaproteobacteria|Xanthomonadales	0.511605
1239	phylum	2|1239	Bacteria|Firmicutes	26.954404
409322	species	2|203691|203692|136|137|157|409322	Bacteria|Spirochaetes|Spirochaetia|Spirochaetales|Spirochaetaceae|Treponema|Treponema pedis	0.220112
33981	genus	2|201174|1760|2037|83778|33981	Bacteria|Actinobacteria|Actinobacteria|Actinomycetales|Kineosporiaceae|Kineococcus	1.448315
114380	order	2157|28889|183924|114380	Archaea|Crenarchaeota|Thermoprotei|Desulfurococcales	0.044655
76853	species	2|1239|91061|1385|186818|648800|76853	Bacteria|Firmicutes|Bacilli|Bacillales|Planococcaceae|Solibacillus|Solibacillus silvestris	1.605449
1276	species	2|201174|1760|2037|145357|57499|1276	Bacteria|Actinobacteria|Actinobacteria|Actinomycetales|Dermacoccaceae|Kytococcus|Kytococcus sedentarius	1.066418
53633	species	2|1239|186801|186802|539000|28033|53633	Bacteria|Firmicutes|Clostridia|Clostridiales|Clostridiales Family XVII. Incertae Sedis|Sulfobacillus|Sulfobacillus acidophilus	0.128891
218207	genus	2|1224|28221|213118|213119|218207	Bacteria|Proteobacteria|Deltaproteobacteria|Desulfobacterales|Desulfobacteraceae|Desulfatibacillum	0.620194
2062	family	2|201174|1760|2037|2062	Bacteria|Actinobacteria|Actinobacteria|Actinomycetales|Streptomycetaceae	1.554217
80816	species	2|1224|28221|29|224464|162027|80816	Bacteria|Proteobacteria|Deltaproteobacteria|Myxococcales|Kofleriaceae|Haliangium|Haliangium ochraceum	1.038002
145360	family	2|201174|1760|2037|145360	Bacteria|Actinobacteria|Actinobacteria|Actinomycetales|Sanguibacteraceae	2.177161
904	genus	2|1239|909932|909929|909930|904	Bacteria|Firmicutes|Negativicutes|Selenomonadales|Acidaminococcaceae|Acidaminococcus	0.030466
188786	family	2|1297|188787|68933|188786	Bacteria|Deinococcus-Thermus|Deinococci|Thermales|Thermaceae	0.181644
60920	species	2|201174|1760|2037|145360|60919|60920	Bacteria|Actinobacteria|Actinobacteria|Actinomycetales|Sanguibacteraceae|Sanguibacter|Sanguibacter keddieii	2.177161
768	genus	2|1224|28211|766|942|768	Bacteria|Proteobacteria|Alphaproteobacteria|Rickettsiales|Anaplasmataceae|Anaplasma	0.285583
29465	genus	2|1239|909932|909929|31977|29465	Bacteria|Firmicutes|Negativicutes|Selenomonadales|Veillonellaceae|Veillonella	0.527829
88138	genus	2|201174|1760|2037|85030|88138	Bacteria|Actinobacteria|Actinobacteria|Actinomycetales|Geodermatophilaceae|Modestobacter	0.773625
31977	family	2|1239|909932|909929|31977	Bacteria|Firmicutes|Negativicutes|Selenomonadales|Veillonellaceae	0.527829
40323	genus	2|1224|1236|135614|32033|40323	Bacteria|Proteobacteria|Gammaproteobacteria|Xanthomonadales|Xanthomonadaceae|Stenotrophomonas	0.511605
40324	species	2|1224|1236|135614|32033|40323|40324	Bacteria|Proteobacteria|Gammaproteobacteria|Xanthomonadales|Xanthomonadaceae|Stenotrophomonas|Stenotrophomonas maltophilia	0.511605
193568	genus	2157|192989||||193568	Archaea|Nanoarchaeota||||Nanoarchaeum	0.545458
213118	order	2|1224|28221|213118	Bacteria|Proteobacteria|Deltaproteobacteria|Desulfobacterales	0.620194
213119	family	2|1224|28221|213118|213119	Bacteria|Proteobacteria|Deltaproteobacteria|Desulfobacterales|Desulfobacteraceae	0.620194
39492	species	2|1239|186801|186802|541000|1508657|39492	Bacteria|Firmicutes|Clostridia|Clostridiales|Ruminococcaceae|Ruminiclostridium|[Eubacterium] siraeum	1.123108
1506553	genus	2|1239|186801|186802|186803|1506553	Bacteria|Firmicutes|Clostridia|Clostridiales|Lachnospiraceae|Lachnoclostridium	0.840596
39491	species	2|1239|186801|186802|186806|1730|39491	Bacteria|Firmicutes|Clostridia|Clostridiales|Eubacteriaceae|Eubacterium|Eubacterium rectale	4.089299
433	family	2|1224|28211|204441|433	Bacteria|Proteobacteria|Alphaproteobacteria|Rhodospirillales|Acetobacteraceae	0.522317
1094	species	2|1090|191410|191411|191412|1091|1094	Bacteria|Chlorobi|Chlorobia|Chlorobiales|Chlorobiaceae|Chlorobium|Chlorobium phaeovibrioides	1.850870
44249	genus	2|1239|91061|1385|186822|44249	Bacteria|Firmicutes|Bacilli|Bacillales|Paenibacillaceae|Paenibacillus	3.241680
1224	phylum	2|1224	Bacteria|Proteobacteria	32.713244
189385	species	2|1224|28216|||189384|189385	Bacteria|Proteobacteria|Betaproteobacteria|||Candidatus Tremblaya|Candidatus Tremblaya princeps	1.442515
252356	genus	2|976|117743|200644|49546|252356	Bacteria|Bacteroidetes|Flavobacteriia|Flavobacteriales|Flavobacteriaceae|Maribacter	0.636110
29466	species	2|1239|909932|909929|31977|29465|29466	Bacteria|Firmicutes|Negativicutes|Selenomonadales|Veillonellaceae|Veillonella|Veillonella parvula	0.527829
53358	species	2|201174|1760|2037|85021|53357|53358	Bacteria|Actinobacteria|Actinobacteria|Actinomycetales|Intrasporangiaceae|Intrasporangium|Intrasporangium calvum	3.323514
312277	species	2|976|117743|200644|49546|237|312277	Bacteria|Bacteroidetes|Flavobacteriia|Flavobacteriales|Flavobacteriaceae|Flavobacterium|Flavobacterium indicum	2.946710
183924	class	2157|28889|183924	Archaea|Crenarchaeota|Thermoprotei	1.916835
400634	genus	2|1239|91061|1385|186817|400634	Bacteria|Firmicutes|Bacilli|Bacillales|Bacillaceae|Lysinibacillus	5.241436
94254	species	2|976|768503|768507|89373|120831|94254	Bacteria|Bacteroidetes|Cytophagia|Cytophagales|Cytophagaceae|Dyadobacter|Dyadobacter fermentans	0.357883
40518	species	2|1239|186801|186802|541000|1263|40518	Bacteria|Firmicutes|Clostridia|Clostridiales|Ruminococcaceae|Ruminococcus|Ruminococcus bromii	0.258827
364317	species	2|1224|28216|80840|80864|364316|364317	Bacteria|Proteobacteria|Betaproteobacteria|Burkholderiales|Comamonadaceae|Verminephrobacter|Verminephrobacter eiseniae	0.714684
158899	species	2|1224|28216|80840|75682|202907|158899	Bacteria|Proteobacteria|Betaproteobacteria|Burkholderiales|Oxalobacteraceae|Collimonas|Collimonas fungivorans	1.218557
1421	species	2|1239|91061|1385|186817|400634|1421	Bacteria|Firmicutes|Bacilli|Bacillales|Bacillaceae|Lysinibacillus|Lysinibacillus sphaericus	5.241436
976	phylum	2|976	Bacteria|Bacteroidetes	12.072223
31969	class	2|544448|31969	Bacteria|Tenericutes|Mollicutes	0.057399
162027	genus	2|1224|28221|29|224464|162027	Bacteria|Proteobacteria|Deltaproteobacteria|Myxococcales|Kofleriaceae|Haliangium	1.038002
29547	class	2|1224|29547	Bacteria|Proteobacteria|Epsilonproteobacteria	0.183744
730	species	2|1224|1236|135625|712|724|730	Bacteria|Proteobacteria|Gammaproteobacteria|Pasteurellales|Pasteurellaceae|Haemophilus|Haemophilus ducreyi	1.295608
1730	genus	2|1239|186801|186802|186806|1730	Bacteria|Firmicutes|Clostridia|Clostridiales|Eubacteriaceae|Eubacterium	6.025578
72274	order	2|1224|1236|72274	Bacteria|Proteobacteria|Gammaproteobacteria|Pseudomonadales	4.973460
83778	family	2|201174|1760|2037|83778	Bacteria|Actinobacteria|Actinobacteria|Actinomycetales|Kineosporiaceae	1.448315
283810	genus	2|201174|1760|2037|85034|283810	Bacteria|Actinobacteria|Actinobacteria|Actinomycetales|Glycomycetaceae|Stackebrandtia	0.030373
283811	species	2|201174|1760|2037|85034|283810|283811	Bacteria|Actinobacteria|Actinobacteria|Actinomycetales|Glycomycetaceae|Stackebrandtia|Stackebrandtia nassauensis	0.030373
222	genus	2|1224|28216|80840|506|222	Bacteria|Proteobacteria|Betaproteobacteria|Burkholderiales|Alcaligenaceae|Achromobacter	6.904982
255472	family	2157|28889|183924|871006|255472	Archaea|Crenarchaeota|Thermoprotei|Acidilobales|Caldisphaeraceae	0.842677
1100069	order	2|976||1100069	Bacteria|Bacteroidetes||Bacteroidetes Order II. Incertae sedis	0.061278
2	superkingdom	2	Bacteria	96.683621
224464	family	2|1224|28221|29|224464	Bacteria|Proteobacteria|Deltaproteobacteria|Myxococcales|Kofleriaceae	1.038002
188787	class	2|1297|188787	Bacteria|Deinococcus-Thermus|Deinococci	2.065006
28889	phylum	2157|28889	Archaea|Crenarchaeota	1.916835
114186	species	2|1224|1236|135619|28256|114185|114186	Bacteria|Proteobacteria|Gammaproteobacteria|Oceanospirillales|Halomonadaceae|Candidatus Carsonella|Candidatus Carsonella ruddii	0.086900
506	family	2|1224|28216|80840|506	Bacteria|Proteobacteria|Betaproteobacteria|Burkholderiales|Alcaligenaceae	6.904982
114185	genus	2|1224|1236|135619|28256|114185	Bacteria|Proteobacteria|Gammaproteobacteria|Oceanospirillales|Halomonadaceae|Candidatus Carsonella	0.086900
768507	order	2|976|768503|768507	Bacteria|Bacteroidetes|Cytophagia|Cytophagales	1.763514
89373	family	2|976|768503|768507|89373	Bacteria|Bacteroidetes|Cytophagia|Cytophagales|Cytophagaceae	1.289671
286	genus	2|1224|1236|72274|135621|286	Bacteria|Proteobacteria|Gammaproteobacteria|Pseudomonadales|Pseudomonadaceae|Pseudomonas	4.973460
174951	genus	2|1224|28216|80840|80864|174951	Bacteria|Proteobacteria|Betaproteobacteria|Burkholderiales|Comamonadaceae|Ramlibacter	1.189581
541000	family	2|1239|186801|186802|541000	Bacteria|Firmicutes|Clostridia|Clostridiales|Ruminococcaceae	2.760077
85021	family	2|201174|1760|2037|85021	Bacteria|Actinobacteria|Actinobacteria|Actinomycetales|Intrasporangiaceae	3.323514
171549	order	2|976|200643|171549	Bacteria|Bacteroidetes|Bacteroidia|Bacteroidales	1.230443
563835	family	2|976|117747|200666|563835	Bacteria|Bacteroidetes|Sphingobacteriia|Sphingobacteriales|Chitinophagaceae	4.565920
33986	genus	2|1239|91061|1385||33986	Bacteria|Firmicutes|Bacilli|Bacillales||Exiguobacterium	2.108081
1577788	family	2157|28890|183967|1235850|1577788	Archaea|Euryarchaeota|Thermoplasmata|Methanomassiliicoccales|Methanomassiliicoccaceae	0.379237
164450	genus	2157|28889|183924|2266|2267|164450	Archaea|Crenarchaeota|Thermoprotei|Thermoproteales|Thermoproteaceae|Vulcanisaeta	0.685844
332247	family	2|1297|188787|118964|332247	Bacteria|Deinococcus-Thermus|Deinococci|Deinococcales|Trueperaceae	0.259107
31953	family	2|201174|1760|85004|31953	Bacteria|Actinobacteria|Actinobacteria|Bifidobacteriales|Bifidobacteriaceae	1.391928
160232	species	2157|192989||||193568|160232	Archaea|Nanoarchaeota||||Nanoarchaeum|Nanoarchaeum equitans	0.545458
539000	family	2|1239|186801|186802|539000	Bacteria|Firmicutes|Clostridia|Clostridiales|Clostridiales Family XVII. Incertae Sedis	0.128891
186822	family	2|1239|91061|1385|186822	Bacteria|Firmicutes|Bacilli|Bacillales|Paenibacillaceae	3.241680
160	species	2|203691|203692|136|137|157|160	Bacteria|Spirochaetes|Spirochaetia|Spirochaetales|Spirochaetaceae|Treponema|Treponema pallidum	1.630435
117743	class	2|976|117743	Bacteria|Bacteroidetes|Flavobacteriia	4.052963
964	species	2|1224|28216|80840|75682|963|964	Bacteria|Proteobacteria|Betaproteobacteria|Burkholderiales|Oxalobacteraceae|Herbaspirillum|Herbaspirillum seropedicae	0.296556
544448	phylum	2|544448	Bacteria|Tenericutes	0.057399
72293	family	2|1224|29547|213849|72293	Bacteria|Proteobacteria|Epsilonproteobacteria|Campylobacterales|Helicobacteraceae	0.183744
204455	order	2|1224|28211|204455	Bacteria|Proteobacteria|Alphaproteobacteria|Rhodobacterales	3.936868
2236	family	2157|28890|183963|2235|2236	Archaea|Euryarchaeota|Halobacteria|Halobacteriales|Halobacteriaceae	0.474850
150829	species	2|203691|203692|136|137|157|150829	Bacteria|Spirochaetes|Spirochaetia|Spirochaetales|Spirochaetaceae|Treponema|Treponema azotonutricium	0.198836
195950	genus	2|976|200643|171549|171551|195950	Bacteria|Bacteroidetes|Bacteroidia|Bacteroidales|Porphyromonadaceae|Tannerella	0.077643
862	genus	2|1239|186801|186802|68298|862	Bacteria|Firmicutes|Clostridia|Clostridiales|Syntrophomonadaceae|Syntrophomonas	0.086560
84107	family	2|201174|1760|84999|84107	Bacteria|Actinobacteria|Actinobacteria|Coriobacteriales|Coriobacteriaceae	1.648140
54251	genus	2157|28889|183924|114380|2307|54251	Archaea|Crenarchaeota|Thermoprotei|Desulfurococcales|Pyrodictiaceae|Pyrolobus	0.044655
84030	species	2|1239|186801|186802|186803|1506553|84030	Bacteria|Firmicutes|Clostridia|Clostridiales|Lachnospiraceae|Lachnoclostridium|[Clostridium] saccharolyticum	0.840596
192989	phylum	2157|192989	Archaea|Nanoarchaeota	0.545458
85698	species	2|1224|28216|80840|506|222|85698	Bacteria|Proteobacteria|Betaproteobacteria|Burkholderiales|Alcaligenaceae|Achromobacter|Achromobacter xylosoxidans	6.904982
1386	genus	2|1239|91061|1385|186817|1386	Bacteria|Firmicutes|Bacilli|Bacillales|Bacillaceae|Bacillus	1.868245
1100	species	2|1090|191410|191411|191412|1099|1100	Bacteria|Chlorobi|Chlorobia|Chlorobiales|Chlorobiaceae|Pelodictyon|Pelodictyon luteolum	0.569455
28890	phylum	2157|28890	Archaea|Euryarchaeota	0.854087
213115	order	2|1224|28221|213115	Bacteria|Proteobacteria|Deltaproteobacteria|Desulfovibrionales	2.147240
28067	genus	2|1224|28216|80840||28067	Bacteria|Proteobacteria|Betaproteobacteria|Burkholderiales||Rubrivivax	0.141151
1291539	genus	2157|28890|183967|1235850|1577788|1291539	Archaea|Euryarchaeota|Thermoplasmata|Methanomassiliicoccales|Methanomassiliicoccaceae|Candidatus Methanomethylophilus	0.379237
33996	species	2|1224|28211|204441|433|89583|33996	Bacteria|Proteobacteria|Alphaproteobacteria|Rhodospirillales|Acetobacteraceae|Gluconacetobacter|Gluconacetobacter diazotrophicus	0.522317
1510	species	2|1239|186801|186802|541000|1508657|1510	Bacteria|Firmicutes|Clostridia|Clostridiales|Ruminococcaceae|Ruminiclostridium|[Clostridium] stercorarium	1.378141
249402	species	2|976|768503|768507|1501348|273135|249402	Bacteria|Bacteroidetes|Cytophagia|Cytophagales|Amoebophilaceae|Candidatus Cardinium|Cardinium endosymbiont of Encarsia pergandiella	0.473843
39782	family	2|976|117743|200644|39782	Bacteria|Bacteroidetes|Flavobacteriia|Flavobacteriales|Blattabacteriaceae	0.057220
881	species	2|1224|28221|213115|194924|872|881	Bacteria|Proteobacteria|Deltaproteobacteria|Desulfovibrionales|Desulfovibrionaceae|Desulfovibrio|Desulfovibrio vulgaris	1.525105
186817	family	2|1239|91061|1385|186817	Bacteria|Firmicutes|Bacilli|Bacillales|Bacillaceae	7.109681
157	genus	2|203691|203692|136|137|157	Bacteria|Spirochaetes|Spirochaetia|Spirochaetales|Spirochaetaceae|Treponema	2.049382
563843	family	2|976||1100069|563843	Bacteria|Bacteroidetes||Bacteroidetes Order II. Incertae sedis|Rhodothermaceae	0.061278
68295	order	2|1239|186801|68295	Bacteria|Firmicutes|Clostridia|Thermoanaerobacterales	0.157995
186818	family	2|1239|91061|1385|186818	Bacteria|Firmicutes|Bacilli|Bacillales|Planococcaceae	1.605449
184917	species	2|1224|28221|213115|194924|872|184917	Bacteria|Proteobacteria|Deltaproteobacteria|Desulfovibrionales|Desulfovibrionaceae|Desulfovibrio|Desulfovibrio magneticus	0.622135
171551	family	2|976|200643|171549|171551	Bacteria|Bacteroidetes|Bacteroidia|Bacteroidales|Porphyromonadaceae	0.077643
91061	class	2|1239|91061	Bacteria|Firmicutes|Bacilli	14.239063
332249	species	2|1297|188787|118964|332247|332248|332249	Bacteria|Deinococcus-Thermus|Deinococci|Deinococcales|Trueperaceae|Truepera|Truepera radiovictrix	0.259107
80840	order	2|1224|28216|80840	Bacteria|Proteobacteria|Betaproteobacteria|Burkholderiales	13.362129
68298	family	2|1239|186801|186802|68298	Bacteria|Firmicutes|Clostridia|Clostridiales|Syntrophomonadaceae	0.086560
237	genus	2|976|117743|200644|49546|237	Bacteria|Bacteroidetes|Flavobacteriia|Flavobacteriales|Flavobacteriaceae|Flavobacterium	3.359632
337090	species	2|1090|191410|191411|191412|1091|337090	Bacteria|Chlorobi|Chlorobia|Chlorobiales|Chlorobiaceae|Chlorobium|Chlorobium chlorochromatii	1.102774
648800	genus	2|1239|91061|1385|186818|648800	Bacteria|Firmicutes|Bacilli|Bacillales|Planococcaceae|Solibacillus	1.605449
273135	genus	2|976|768503|768507|1501348|273135	Bacteria|Bacteroidetes|Cytophagia|Cytophagales|Amoebophilaceae|Candidatus Cardinium	0.473843
204441	order	2|1224|28211|204441	Bacteria|Proteobacteria|Alphaproteobacteria|Rhodospirillales	0.522317
2130	species	2|544448|31969|2085|2092|2129|2130	Bacteria|Tenericutes|Mollicutes|Mycoplasmatales|Mycoplasmataceae|Ureaplasma|Ureaplasma urealyticum	0.057399
203494	class	2|74201|203494	Bacteria|Verrucomicrobia|Verrucomicrobiae	1.570508
57499	genus	2|201174|1760|2037|145357|57499	Bacteria|Actinobacteria|Actinobacteria|Actinomycetales|Dermacoccaceae|Kytococcus	1.066418
872	genus	2|1224|28221|213115|194924|872	Bacteria|Proteobacteria|Deltaproteobacteria|Desulfovibrionales|Desulfovibrionaceae|Desulfovibrio	2.147240
74201	phylum	2|74201	Bacteria|Verrucomicrobia	1.570508
201174	phylum	2|201174	Bacteria|Actinobacteria	14.867969
2037	order	2|201174|1760|2037	Bacteria|Actinobacteria|Actinobacteria|Actinomycetales	11.827900
203804	genus	2|1224|1236|91347|543|203804	Bacteria|Proteobacteria|Gammaproteobacteria|Enterobacteriales|Enterobacteriaceae|Candidatus Blochmannia	0.230099
1298	genus	2|1297|188787|118964|183710|1298	Bacteria|Deinococcus-Thermus|Deinococci|Deinococcales|Deinococcaceae|Deinococcus	1.624254
203557	family	2|74201|203494|48461|203557	Bacteria|Verrucomicrobia|Verrucomicrobiae|Verrucomicrobiales|Verrucomicrobiaceae	1.570508
863	species	2|1239|186801|186802|68298|862|863	Bacteria|Firmicutes|Clostridia|Clostridiales|Syntrophomonadaceae|Syntrophomonas|Syntrophomonas wolfei	0.086560
120831	genus	2|976|768503|768507|89373|120831	Bacteria|Bacteroidetes|Cytophagia|Cytophagales|Cytophagaceae|Dyadobacter	0.357883
277	species	2|1297|188787|68933|188786|65551|277	Bacteria|Deinococcus-Thermus|Deinococci|Thermales|Thermaceae|Meiothermus|Meiothermus ruber	0.181644
1297	phylum	2|1297	Bacteria|Deinococcus-Thermus	2.065006
186803	family	2|1239|186801|186802|186803	Bacteria|Firmicutes|Clostridia|Clostridiales|Lachnospiraceae	2.997944
186802	order	2|1239|186801|186802	Bacteria|Firmicutes|Clostridia|Clostridiales	11.999050
186801	class	2|1239|186801	Bacteria|Firmicutes|Clostridia	12.157045
766	order	2|1224|28211|766	Bacteria|Proteobacteria|Alphaproteobacteria|Rickettsiales	0.285583
186806	family	2|1239|186801|186802|186806	Bacteria|Firmicutes|Clostridia|Clostridiales|Eubacteriaceae	6.025578
209	genus	2|1224|29547|213849|72293|209	Bacteria|Proteobacteria|Epsilonproteobacteria|Campylobacterales|Helicobacteraceae|Helicobacter	0.183744
273376	species	2|203691|203692|136|137|399320|273376	Bacteria|Spirochaetes|Spirochaetia|Spirochaetales|Spirochaetaceae|Sphaerochaeta|Sphaerochaeta coccoides	0.519779
1008	species	2|976|117747|200666|89374|1007|1008	Bacteria|Bacteroidetes|Sphingobacteriia|Sphingobacteriales|Saprospiraceae|Saprospira|Saprospira grandis	0.398106
55197	species	2|976|117743|200644|49546|237|55197	Bacteria|Bacteroidetes|Flavobacteriia|Flavobacteriales|Flavobacteriaceae|Flavobacterium|Flavobacterium branchiophilum	0.412922
712	family	2|1224|1236|135625|712	Bacteria|Proteobacteria|Gammaproteobacteria|Pasteurellales|Pasteurellaceae	1.295608
52972	genus	2|1224|28216|80840|80864|52972	Bacteria|Proteobacteria|Betaproteobacteria|Burkholderiales|Comamonadaceae|Polaromonas	0.548788
1007	genus	2|976|117747|200666|89374|1007	Bacteria|Bacteroidetes|Sphingobacteriia|Sphingobacteriales|Saprospiraceae|Saprospira	0.398106
831	species	2|1239|186801|186802|186803|830|831	Bacteria|Firmicutes|Clostridia|Clostridiales|Lachnospiraceae|Butyrivibrio|Butyrivibrio fibrisolvens	2.157348
985052	species	2157|28889|183924|2266|2267|164450|985052	Archaea|Crenarchaeota|Thermoprotei|Thermoproteales|Thermoproteaceae|Vulcanisaeta|Vulcanisaeta moutnovskia	0.685844
1888	species	2|201174|1760|2037|2062|1883|1888	Bacteria|Actinobacteria|Actinobacteria|Actinomycetales|Streptomycetaceae|Streptomyces|Streptomyces albus	0.749883
191410	class	2|1090|191410	Bacteria|Chlorobi|Chlorobia	3.523099
191411	order	2|1090|191410|191411	Bacteria|Chlorobi|Chlorobia|Chlorobiales	3.523099
191412	family	2|1090|191410|191411|191412	Bacteria|Chlorobi|Chlorobia|Chlorobiales|Chlorobiaceae	3.523099
376805	species	2|976|200643|171549|815|816|376805	Bacteria|Bacteroidetes|Bacteroidia|Bacteroidales|Bacteroidaceae|Bacteroides|Bacteroides salanitronis	0.742886
1883	genus	2|201174|1760|2037|2062|1883	Bacteria|Actinobacteria|Actinobacteria|Actinomycetales|Streptomycetaceae|Streptomyces	1.554217
1716	genus	2|201174|1760|2037|1653|1716	Bacteria|Actinobacteria|Actinobacteria|Actinomycetales|Corynebacteriaceae|Corynebacterium	0.169436
45401	family	2|1224|28211|356|45401	Bacteria|Proteobacteria|Alphaproteobacteria|Rhizobiales|Hyphomicrobiaceae	1.216042
909932	class	2|1239|909932	Bacteria|Firmicutes|Negativicutes	0.558295
1280	species	2|1239|91061|1385|90964|1279|1280	Bacteria|Firmicutes|Bacilli|Bacillales|Staphylococcaceae|Staphylococcus|Staphylococcus aureus	0.174172
909930	family	2|1239|909932|909929|909930	Bacteria|Firmicutes|Negativicutes|Selenomonadales|Acidaminococcaceae	0.030466
194924	family	2|1224|28221|213115|194924	Bacteria|Proteobacteria|Deltaproteobacteria|Desulfovibrionales|Desulfovibrionaceae	2.147240
2129	genus	2|544448|31969|2085|2092|2129	Bacteria|Tenericutes|Mollicutes|Mycoplasmatales|Mycoplasmataceae|Ureaplasma	0.057399
543372	family	2|1239|186801|68295|543372	Bacteria|Firmicutes|Clostridia|Thermoanaerobacterales|Thermoanaerobacterales Family IV. Incertae Sedis	0.157995
2235	order	2157|28890|183963|2235	Archaea|Euryarchaeota|Halobacteria|Halobacteriales	0.474850
39768	species	2|976|117743|200644|39782|34098|39768	Bacteria|Bacteroidetes|Flavobacteriia|Flavobacteriales|Blattabacteriaceae|Blattabacterium|Blattabacterium sp. (Mastotermes darwiniensis)	0.057220
2085	order	2|544448|31969|2085	Bacteria|Tenericutes|Mollicutes|Mycoplasmatales	0.057399
356	order	2|1224|28211|356	Bacteria|Proteobacteria|Alphaproteobacteria|Rhizobiales	1.412497
1768	species	2|201174|1760|2037|1762|1763|1768	Bacteria|Actinobacteria|Actinobacteria|Actinomycetales|Mycobacteriaceae|Mycobacterium|Mycobacterium kansasii	0.948744
34098	genus	2|976|117743|200644|39782|34098	Bacteria|Bacteroidetes|Flavobacteriia|Flavobacteriales|Blattabacteriaceae|Blattabacterium	0.057220
28112	species	2|976|200643|171549|171551|195950|28112	Bacteria|Bacteroidetes|Bacteroidia|Bacteroidales|Porphyromonadaceae|Tannerella|Tannerella forsythia	0.077643
1762	family	2|201174|1760|2037|1762	Bacteria|Actinobacteria|Actinobacteria|Actinomycetales|Mycobacteriaceae	0.948744
1763	genus	2|201174|1760|2037|1762|1763	Bacteria|Actinobacteria|Actinobacteria|Actinomycetales|Mycobacteriaceae|Mycobacterium	0.948744
1760	class	2|201174|1760	Bacteria|Actinobacteria|Actinobacteria	14.867969
84162	genus	2|201174|1760|84999|84107|84162	Bacteria|Actinobacteria|Actinobacteria|Coriobacteriales|Coriobacteriaceae|Cryptobacterium	1.648140
84163	species	2|201174|1760|84999|84107|84162|84163	Bacteria|Actinobacteria|Actinobacteria|Coriobacteriales|Coriobacteriaceae|Cryptobacterium|Cryptobacterium curtum	1.648140
