#CAMI Submission for Taxonomic Profiling
@Version:0.9.2
@SampleID:RL_S001__insert_270.fq.gz
@Ranks:superkingdom|phylum|class|order|family|genus|species|strain

@@TAXID	RANK	TAXPATH	TAXPATHSN	PERCENTAGE
1074919	strain	2|1239|91061|1385|90964|1279|1280|1074919	Bacteria|Firmicutes|Bacilli|Bacillales|Staphylococcaceae|Staphylococcus|Staphylococcus aureus|Staphylococcus aureus subsp. aureus ST228	0.174247
568816	strain	2|1239|909932|909929|909930|904|187327|568816	Bacteria|Firmicutes|Negativicutes|Selenomonadales|Acidaminococcaceae|Acidaminococcus|Acidaminococcus intestini|Acidaminococcus intestini RyC-MR95	0.029225
573234	strain	2|1224|28211|356||573657|573658|573234	Bacteria|Proteobacteria|Alphaproteobacteria|Rhizobiales||Candidatus Hodgkinia|Candidatus Hodgkinia cicadicola|Candidatus Hodgkinia cicadicola Dsem	0.196185
272943	strain	2|1224|28211|204455|31989|1060|1063|272943	Bacteria|Proteobacteria|Alphaproteobacteria|Rhodobacterales|Rhodobacteraceae|Rhodobacter|Rhodobacter sphaeroides|Rhodobacter sphaeroides 2.4.1	0.392090
565575	strain	2|544448|31969|2085|2092|2129|2130|565575	Bacteria|Tenericutes|Mollicutes|Mycoplasmatales|Mycoplasmataceae|Ureaplasma|Ureaplasma urealyticum|Ureaplasma urealyticum serovar 10 str. ATCC 33699	0.057074
340177	strain	2|1090|191410|191411|191412|1091|337090|340177	Bacteria|Chlorobi|Chlorobia|Chlorobiales|Chlorobiaceae|Chlorobium|Chlorobium chlorochromatii|Chlorobium chlorochromatii CaD3	1.102864
1051632	strain	2|1239|186801|186802|539000|28033|53633|1051632	Bacteria|Firmicutes|Clostridia|Clostridiales|Clostridiales Family XVII. Incertae Sedis|Sulfobacillus|Sulfobacillus acidophilus|Sulfobacillus acidophilus TPY	0.129306
657321	strain	2|1239|186801|186802|541000|1263|40518|657321	Bacteria|Firmicutes|Clostridia|Clostridiales|Ruminococcaceae|Ruminococcus|Ruminococcus bromii|Ruminococcus bromii L2-63	0.259307
657324	strain	2|1239|186801|186802|186803|830|831|657324	Bacteria|Firmicutes|Clostridia|Clostridiales|Lachnospiraceae|Butyrivibrio|Butyrivibrio fibrisolvens|Butyrivibrio fibrisolvens 16/4	2.157070
557599	strain	2|201174|1760|2037|1762|1763|1768|557599	Bacteria|Actinobacteria|Actinobacteria|Actinomycetales|Mycobacteriaceae|Mycobacterium|Mycobacterium kansasii|Mycobacterium kansasii ATCC 12478	0.948271
313603	species	2|976|117743|200644|49546|252356|313603	Bacteria|Bacteroidetes|Flavobacteriia|Flavobacteriales|Flavobacteriaceae|Maribacter|Maribacter sp. HTCC2170	0.636217
469378	strain	2|201174|1760|84999|84107|84162|84163|469378	Bacteria|Actinobacteria|Actinobacteria|Coriobacteriales|Coriobacteriaceae|Cryptobacterium|Cryptobacterium curtum|Cryptobacterium curtum DSM 15641	1.647500
985665	strain	2|1239|91061|1385|186822|44249|159743|985665	Bacteria|Firmicutes|Bacilli|Bacillales|Paenibacillaceae|Paenibacillus|Paenibacillus terrae|Paenibacillus terrae HPL-003	1.396545
667015	strain	2|976|200643|171549|815|816|376805|667015	Bacteria|Bacteroidetes|Bacteroidia|Bacteroidales|Bacteroidaceae|Bacteroides|Bacteroides salanitronis|Bacteroides salanitronis DSM 18170	0.743714
397948	strain	2157|28889|183924|2266|2267|76886|76887|397948	Archaea|Crenarchaeota|Thermoprotei|Thermoproteales|Thermoproteaceae|Caldivirga|Caldivirga maquilingensis|Caldivirga maquilingensis IC-167	0.343286
761659	strain	2|976||1100069|563843|146918|146919|761659	Bacteria|Bacteroidetes||Bacteroidetes Order II. Incertae sedis|Rhodothermaceae|Salinibacter|Salinibacter ruber|Salinibacter ruber M8	0.061750
365046	strain	2|1224|28216|80840|80864|174951|94132|365046	Bacteria|Proteobacteria|Betaproteobacteria|Burkholderiales|Comamonadaceae|Ramlibacter|Ramlibacter tataouinensis|Ramlibacter tataouinensis TTB310	1.188869
365044	strain	2|1224|28216|80840|80864|52972|216465|365044	Bacteria|Proteobacteria|Betaproteobacteria|Burkholderiales|Comamonadaceae|Polaromonas|Polaromonas naphthalenivorans|Polaromonas naphthalenivorans CJ2	0.549886
553190	strain	2|201174|1760|85004|31953|2701|2702|553190	Bacteria|Actinobacteria|Actinobacteria|Bifidobacteriales|Bifidobacteriaceae|Gardnerella|Gardnerella vaginalis|Gardnerella vaginalis 409-05	1.391862
502025	strain	2|1224|28221|29|224464|162027|80816|502025	Bacteria|Proteobacteria|Deltaproteobacteria|Myxococcales|Kofleriaceae|Haliangium|Haliangium ochraceum|Haliangium ochraceum DSM 14365	1.038279
717961	strain	2|1239|186801|186802|541000|1508657|39492|717961	Bacteria|Firmicutes|Clostridia|Clostridiales|Ruminococcaceae|Ruminiclostridium|[Eubacterium] siraeum|[Eubacterium] siraeum V10Sc8a	1.122994
196162	species	2|201174|1760|2037|85015|1839|196162	Bacteria|Actinobacteria|Actinobacteria|Actinomycetales|Nocardioidaceae|Nocardioides|Nocardioides sp. JS614	0.336121
697281	strain	2|1239|186801|68295|543372|252965|252966|697281	Bacteria|Firmicutes|Clostridia|Thermoanaerobacterales|Thermoanaerobacterales Family IV. Incertae Sedis|Mahella|Mahella australiensis|Mahella australiensis 50-1 BON	0.157804
557760	strain	2|1224|28211|204455|31989|1060|1063|557760	Bacteria|Proteobacteria|Alphaproteobacteria|Rhodobacterales|Rhodobacteraceae|Rhodobacter|Rhodobacter sphaeroides|Rhodobacter sphaeroides KD131	0.582828
511995	strain	2|976|200643|171549||511434|511435|511995	Bacteria|Bacteroidetes|Bacteroidia|Bacteroidales||Candidatus Azobacteroides|Candidatus Azobacteroides pseudotrichonymphae|Candidatus Azobacteroides pseudotrichonymphae genomovar. CFP2	0.353703
491079	strain	2|203691|203692|136|137|157|160|491079	Bacteria|Spirochaetes|Spirochaetia|Spirochaetales|Spirochaetaceae|Treponema|Treponema pallidum|Treponema pallidum subsp. pertenue str. CDC2	1.630415
1034807	strain	2|976|117743|200644|49546|237|55197|1034807	Bacteria|Bacteroidetes|Flavobacteriia|Flavobacteriales|Flavobacteriaceae|Flavobacterium|Flavobacterium branchiophilum|Flavobacterium branchiophilum FL-15	0.412716
203907	species	2|1224|1236|91347|543|203804|203907	Bacteria|Proteobacteria|Gammaproteobacteria|Enterobacteriales|Enterobacteriaceae|Candidatus Blochmannia|Candidatus Blochmannia floridanus	0.230494
477641	species	2|201174|1760|2037|85030|88138|477641	Bacteria|Actinobacteria|Actinobacteria|Actinomycetales|Geodermatophilaceae|Modestobacter|Modestobacter marinus	0.773497
820	species	2|976|200643|171549|815|816|820	Bacteria|Bacteroidetes|Bacteroidia|Bacteroidales|Bacteroidaceae|Bacteroides|Bacteroides uniformis	0.055347
1005048	strain	2|1224|28216|80840|75682|202907|158899|1005048	Bacteria|Proteobacteria|Betaproteobacteria|Burkholderiales|Oxalobacteraceae|Collimonas|Collimonas fungivorans|Collimonas fungivorans Ter331	1.218642
1236689	strain	2157|28890|183967|1235850|1577788|1291539|1291540|1236689	Archaea|Euryarchaeota|Thermoplasmata|Methanomassiliicoccales|Methanomassiliicoccaceae|Candidatus Methanomethylophilus|Candidatus Methanomethylophilus alvus|Candidatus Methanomethylophilus alvus Mx1201	0.379346
349102	strain	2|1224|28211|204455|31989|1060|1063|349102	Bacteria|Proteobacteria|Alphaproteobacteria|Rhodobacterales|Rhodobacteraceae|Rhodobacter|Rhodobacter sphaeroides|Rhodobacter sphaeroides ATCC 17025	0.201067
1053648	strain	2|1224|28216|||189384|189385|1053648	Bacteria|Proteobacteria|Betaproteobacteria|||Candidatus Tremblaya|Candidatus Tremblaya princeps|Candidatus Tremblaya princeps PCVAL	1.442144
649638	strain	2|1297|188787|118964|332247|332248|332249|649638	Bacteria|Deinococcus-Thermus|Deinococci|Deinococcales|Trueperaceae|Truepera|Truepera radiovictrix|Truepera radiovictrix DSM 17093	0.259084
349741	strain	2|74201|203494|48461|203557|239934|239935|349741	Bacteria|Verrucomicrobia|Verrucomicrobiae|Verrucomicrobiales|Verrucomicrobiaceae|Akkermansia|Akkermansia muciniphila|Akkermansia muciniphila ATCC BAA-835	1.570721
319225	strain	2|1090|191410|191411|191412|1099|1100|319225	Bacteria|Chlorobi|Chlorobia|Chlorobiales|Chlorobiaceae|Pelodictyon|Pelodictyon luteolum|Chlorobium luteolum DSM 273	0.568965
439235	strain	2|1224|28221|213118|213119|218207|259354|439235	Bacteria|Proteobacteria|Deltaproteobacteria|Desulfobacterales|Desulfobacteraceae|Desulfatibacillum|Desulfatibacillum alkenivorans|Desulfatibacillum alkenivorans AK-01	0.619880
1056495	strain	2157|28889|183924|871006|255472|200414|200415|1056495	Archaea|Crenarchaeota|Thermoprotei|Acidilobales|Caldisphaeraceae|Caldisphaera|Caldisphaera lagunensis|Caldisphaera lagunensis DSM 15908	0.842301
374463	strain	2|1224|1236||||186490|374463	Bacteria|Proteobacteria|Gammaproteobacteria||||Candidatus Baumannia cicadellinicola|Baumannia cicadellinicola str. Hc (Homalodisca coagulata)	0.137326
1235990	species	2||||||1235990	Bacteria||||||Halyomorpha halys symbiont	0.291088
760011	strain	2|203691|203692|136|137|399320|273376|760011	Bacteria|Spirochaetes|Spirochaetia|Spirochaetales|Spirochaetaceae|Sphaerochaeta|Sphaerochaeta coccoides|Sphaerochaeta coccoides DSM 17374	0.519748
478801	strain	2|201174|1760|2037|145357|57499|1276|478801	Bacteria|Actinobacteria|Actinobacteria|Actinomycetales|Dermacoccaceae|Kytococcus|Kytococcus sedentarius|Kytococcus sedentarius DSM 20547	1.066185
457425	strain	2|201174|1760|2037|2062|1883|1888|457425	Bacteria|Actinobacteria|Actinobacteria|Actinomycetales|Streptomycetaceae|Streptomyces|Streptomyces albus|Streptomyces albus J1074	0.749382
235279	strain	2|1224|29547|213849|72293|209|32025|235279	Bacteria|Proteobacteria|Epsilonproteobacteria|Campylobacterales|Helicobacteraceae|Helicobacter|Helicobacter hepaticus|Helicobacter hepaticus ATCC 51449	0.183633
446469	strain	2|201174|1760|2037|145360|60919|60920|446469	Bacteria|Actinobacteria|Actinobacteria|Actinomycetales|Sanguibacteraceae|Sanguibacter|Sanguibacter keddieii|Sanguibacter keddieii DSM 10542	2.177306
228908	strain	2157|192989||||193568|160232|228908	Archaea|Nanoarchaeota||||Nanoarchaeum|Nanoarchaeum equitans|Nanoarchaeum equitans Kin4-M	0.545036
318586	strain	2|1224|28211|204455|31989|265|266|318586	Bacteria|Proteobacteria|Alphaproteobacteria|Rhodobacterales|Rhodobacteraceae|Paracoccus|Paracoccus denitrificans|Paracoccus denitrificans PD1222	2.624677
233412	strain	2|1224|1236|135625|712|724|730|233412	Bacteria|Proteobacteria|Gammaproteobacteria|Pasteurellales|Pasteurellaceae|Haemophilus|Haemophilus ducreyi|Haemophilus ducreyi 35000HP	1.294861
648757	strain	2|1224|28211|356|45401|1068|1069|648757	Bacteria|Proteobacteria|Alphaproteobacteria|Rhizobiales|Hyphomicrobiaceae|Rhodomicrobium|Rhodomicrobium vannielii|Rhodomicrobium vannielii ATCC 17100	1.216340
515619	strain	2|1239|186801|186802|186806|1730|39491|515619	Bacteria|Firmicutes|Clostridia|Clostridiales|Eubacteriaceae|Eubacterium|Eubacterium rectale|Eubacterium rectale ATCC 33656	4.089545
1367477	strain	2|1239|91061|1385|186817|1386|324767|1367477	Bacteria|Firmicutes|Bacilli|Bacillales|Bacillaceae|Bacillus|Bacillus infantis|Bacillus infantis NRRL B-14911	1.803321
1291379	strain	2|203691|203692|136|137|157|409322|1291379	Bacteria|Spirochaetes|Spirochaetia|Spirochaetales|Spirochaetaceae|Treponema|Treponema pedis|Treponema pedis str. T A4	0.219874
700598	strain	2|976|117747|200666|563835|354354|354356|700598	Bacteria|Bacteroidetes|Sphingobacteriia|Sphingobacteriales|Chitinophagaceae|Niastella|Niastella koreensis|Niastella koreensis GR20-10	4.566097
984262	strain	2|976|117747|200666|89374|1007|1008|984262	Bacteria|Bacteroidetes|Sphingobacteriia|Sphingobacteriales|Saprospiraceae|Saprospira|Saprospira grandis|Saprospira grandis str. Lewin	0.397980
446470	strain	2|201174|1760|2037|85034|283810|283811|446470	Bacteria|Actinobacteria|Actinobacteria|Actinomycetales|Glycomycetaceae|Stackebrandtia|Stackebrandtia nassauensis|Stackebrandtia nassauensis DSM 44728	0.030389
387662	strain	2|1224|1236|135619|28256|114185|114186|387662	Bacteria|Proteobacteria|Gammaproteobacteria|Oceanospirillales|Halomonadaceae|Candidatus Carsonella|Candidatus Carsonella ruddii|Candidatus Carsonella ruddii PV	0.086829
391735	strain	2|1224|28216|80840|80864|364316|364317|391735	Bacteria|Proteobacteria|Betaproteobacteria|Burkholderiales|Comamonadaceae|Verminephrobacter|Verminephrobacter eiseniae|Verminephrobacter eiseniae EF01-2	0.714384
1089456	strain	2|1224|1236|72274|135621|286|287|1089456	Bacteria|Proteobacteria|Gammaproteobacteria|Pseudomonadales|Pseudomonadaceae|Pseudomonas|Pseudomonas aeruginosa|Pseudomonas aeruginosa NCGM2.S1	1.539673
610130	strain	2|1239|186801|186802|186803|1506553|84030|610130	Bacteria|Firmicutes|Clostridia|Clostridiales|Lachnospiraceae|Lachnoclostridium|[Clostridium] saccharolyticum|[Clostridium] saccharolyticum WM1	0.840289
269798	strain	2|976|768503|768507|89373|978|985|269798	Bacteria|Bacteroidetes|Cytophagia|Cytophagales|Cytophagaceae|Cytophaga|Cytophaga hutchinsonii|Cytophaga hutchinsonii ATCC 33406	0.931342
645127	strain	2|201174|1760|2037|1653|1716|161879|645127	Bacteria|Actinobacteria|Actinobacteria|Actinomycetales|Corynebacteriaceae|Corynebacterium|Corynebacterium kroppenstedtii|Corynebacterium kroppenstedtii DSM 44385	0.169079
710696	strain	2|201174|1760|2037|85021|53357|53358|710696	Bacteria|Actinobacteria|Actinobacteria|Actinomycetales|Intrasporangiaceae|Intrasporangium|Intrasporangium calvum|Intrasporangium calvum DSM 43043	3.323484
203275	strain	2|976|200643|171549|171551|195950|28112|203275	Bacteria|Bacteroidetes|Bacteroidia|Bacteroidales|Porphyromonadaceae|Tannerella|Tannerella forsythia|Tannerella forsythia ATCC 43037	0.078407
444177	strain	2|1239|91061|1385|186817|400634|1421|444177	Bacteria|Firmicutes|Bacilli|Bacillales|Bacillaceae|Lysinibacillus|Lysinibacillus sphaericus|Lysinibacillus sphaericus C3-41	5.243128
1094466	strain	2|976|117743|200644|49546|237|312277|1094466	Bacteria|Bacteroidetes|Flavobacteriia|Flavobacteriales|Flavobacteriaceae|Flavobacterium|Flavobacterium indicum|Flavobacterium indicum GPTSA100-9 = DSM 17447	2.947416
522373	strain	2|1224|1236|135614|32033|40323|40324|522373	Bacteria|Proteobacteria|Gammaproteobacteria|Xanthomonadales|Xanthomonadaceae|Stenotrophomonas|Stenotrophomonas maltophilia|Stenotrophomonas maltophilia K279a	0.512272
1074889	strain	2|976|117743|200644|39782|34098|39768|1074889	Bacteria|Bacteroidetes|Flavobacteriia|Flavobacteriales|Blattabacteriaceae|Blattabacterium|Blattabacterium sp. (Mastotermes darwiniensis)|Blattabacterium sp. (Mastotermes darwiniensis) str. MADAR	0.057334
983917	strain	2|1224|28216|80840||28067|28068|983917	Bacteria|Proteobacteria|Betaproteobacteria|Burkholderiales||Rubrivivax|Rubrivivax gelatinosus|Rubrivivax gelatinosus IL144	0.141235
523841	strain	2157|28890|183963|2235|2236|2251|2252|523841	Archaea|Euryarchaeota|Halobacteria|Halobacteriales|Halobacteriaceae|Haloferax|Haloferax mediterranei|Haloferax mediterranei ATCC 33500	0.474731
757424	strain	2|1224|28216|80840|75682|963|964|757424	Bacteria|Proteobacteria|Betaproteobacteria|Burkholderiales|Oxalobacteraceae|Herbaspirillum|Herbaspirillum seropedicae|Herbaspirillum seropedicae SmR1	0.296516
290318	strain	2|1090|191410|191411|191412|1091|1094|290318	Bacteria|Chlorobi|Chlorobia|Chlorobiales|Chlorobiaceae|Chlorobium|Chlorobium phaeovibrioides|Chlorobium phaeovibrioides DSM 265	1.850816
504728	strain	2|1297|188787|68933|188786|65551|277|504728	Bacteria|Deinococcus-Thermus|Deinococci|Thermales|Thermaceae|Meiothermus|Meiothermus ruber|Meiothermus ruber DSM 1279	0.181491
420662	strain	2|1224|28216|80840||316612|105560|420662	Bacteria|Proteobacteria|Betaproteobacteria|Burkholderiales||Methylibium|Methylibium petroleiphilum|Methylibium petroleiphilum PM1	0.854673
941639	strain	2|1239|91061|1385|186817|1386|1398|941639	Bacteria|Firmicutes|Bacilli|Bacillales|Bacillaceae|Bacillus|Bacillus coagulans|Bacillus coagulans 2-6	0.066270
375286	species	2|1224|28216|80840|75682|29580|375286	Bacteria|Proteobacteria|Betaproteobacteria|Burkholderiales|Oxalobacteraceae|Janthinobacterium|Janthinobacterium sp. Marseille	1.492915
1412841	strain	2|1224|28211|766|942|768|770|1412841	Bacteria|Proteobacteria|Alphaproteobacteria|Rickettsiales|Anaplasmataceae|Anaplasma|Anaplasma marginale|Anaplasma marginale str. Dawn	0.287537
1003195	strain	2|201174|1760|2037|2062|1883|29303|1003195	Bacteria|Actinobacteria|Actinobacteria|Actinomycetales|Streptomycetaceae|Streptomyces|Streptomyces cattleya|Streptomyces cattleya NRRL 8057 = DSM 46488	0.804903
1216976	strain	2|1224|28216|80840|506|222|85698|1216976	Bacteria|Proteobacteria|Betaproteobacteria|Burkholderiales|Alcaligenaceae|Achromobacter|Achromobacter xylosoxidans|Achromobacter xylosoxidans NBRC 15126 = ATCC 27061	6.904957
1367847	strain	2|1224|28211|204455|31989|265|34003|1367847	Bacteria|Proteobacteria|Alphaproteobacteria|Rhodobacterales|Rhodobacteraceae|Paracoccus|Paracoccus aminophilus|Paracoccus aminophilus JCM 7686	0.136293
883	strain	2|1224|28221|213115|194924|872|881|883	Bacteria|Proteobacteria|Deltaproteobacteria|Desulfovibrionales|Desulfovibrionaceae|Desulfovibrio|Desulfovibrio vulgaris|Desulfovibrio vulgaris str. 'Miyazaki F'	0.337153
882	strain	2|1224|28221|213115|194924|872|881|882	Bacteria|Proteobacteria|Deltaproteobacteria|Desulfovibrionales|Desulfovibrionaceae|Desulfovibrio|Desulfovibrio vulgaris|Desulfovibrio vulgaris str. Hildenborough	1.187901
515620	strain	2|1239|186801|186802|186806|1730|39485|515620	Bacteria|Firmicutes|Clostridia|Clostridiales|Eubacteriaceae|Eubacterium|[Eubacterium] eligens|[Eubacterium] eligens ATCC 27750	1.935804
479436	strain	2|1239|909932|909929|31977|29465|29466|479436	Bacteria|Firmicutes|Negativicutes|Selenomonadales|Veillonellaceae|Veillonella|Veillonella parvula|Veillonella parvula DSM 2008	0.527933
693977	strain	2|1297|188787|118964|183710|1298|55148|693977	Bacteria|Deinococcus-Thermus|Deinococci|Deinococcales|Deinococcaceae|Deinococcus|Deinococcus proteolyticus|Deinococcus proteolyticus MRP	1.624407
272568	strain	2|1224|28211|204441|433|89583|33996|272568	Bacteria|Proteobacteria|Alphaproteobacteria|Rhodospirillales|Acetobacteraceae|Gluconacetobacter|Gluconacetobacter diazotrophicus|Gluconacetobacter diazotrophicus PA1 5	0.522111
694429	strain	2157|28889|183924|114380|2307|54251|54252|694429	Archaea|Crenarchaeota|Thermoprotei|Desulfurococcales|Pyrodictiaceae|Pyrolobus|Pyrolobus fumarii|Pyrolobus fumarii 1A	0.044481
324057	species	2|1239|91061|1385|186822|44249|324057	Bacteria|Firmicutes|Bacilli|Bacillales|Paenibacillaceae|Paenibacillus|Paenibacillus sp. JDR-2	1.844057
335541	strain	2|1239|186801|186802|68298|862|863|335541	Bacteria|Firmicutes|Clostridia|Clostridiales|Syntrophomonadaceae|Syntrophomonas|Syntrophomonas wolfei|Syntrophomonas wolfei subsp. wolfei str. Goettingen G311	0.086602
1121335	strain	2|1239|186801|186802|541000|1508657|1510|1121335	Bacteria|Firmicutes|Clostridia|Clostridiales|Ruminococcaceae|Ruminiclostridium|[Clostridium] stercorarium|[Clostridium] stercorarium subsp. stercorarium DSM 8532	1.377300
1002809	strain	2|1239|91061|1385|186818|648800|76853|1002809	Bacteria|Firmicutes|Bacilli|Bacillales|Planococcaceae|Solibacillus|Solibacillus silvestris|Solibacillus silvestris StLB046	1.605349
545695	strain	2|203691|203692|136|137|157|150829|545695	Bacteria|Spirochaetes|Spirochaetia|Spirochaetales|Spirochaetaceae|Treponema|Treponema azotonutricium|Treponema azotonutricium ZAS-9	0.199774
573370	strain	2|1224|28221|213115|194924|872|184917|573370	Bacteria|Proteobacteria|Deltaproteobacteria|Desulfovibrionales|Desulfovibrionaceae|Desulfovibrio|Desulfovibrio magneticus|Desulfovibrio magneticus RS-1	0.622149
1231626	strain	2|976|768503|768507|1501348|273135|249402|1231626	Bacteria|Bacteroidetes|Cytophagia|Cytophagales|Amoebophilaceae|Candidatus Cardinium|Cardinium endosymbiont of Encarsia pergandiella|Cardinium endosymbiont cEper1 of Encarsia pergandiella	0.474367
266940	strain	2|201174|1760|2037|83778|33981|131568|266940	Bacteria|Actinobacteria|Actinobacteria|Actinomycetales|Kineosporiaceae|Kineococcus|Kineococcus radiotolerans|Kineococcus radiotolerans SRS30216 = ATCC BAA-149	1.448484
1399115	species	2|1239|91061|1385||33986|1399115	Bacteria|Firmicutes|Bacilli|Bacillales||Exiguobacterium|Exiguobacterium sp. MH3	2.108240
941193	strain	2|1224|1236|72274|135621|286|287|941193	Bacteria|Proteobacteria|Gammaproteobacteria|Pseudomonadales|Pseudomonadaceae|Pseudomonas|Pseudomonas aeruginosa|Pseudomonas aeruginosa M18	3.433155
471854	strain	2|976|768503|768507|89373|120831|94254|471854	Bacteria|Bacteroidetes|Cytophagia|Cytophagales|Cytophagaceae|Dyadobacter|Dyadobacter fermentans|Dyadobacter fermentans DSM 18053	0.356793
985053	strain	2157|28889|183924|2266|2267|164450|985052|985053	Archaea|Crenarchaeota|Thermoprotei|Thermoproteales|Thermoproteaceae|Vulcanisaeta|Vulcanisaeta moutnovskia|Vulcanisaeta moutnovskia 768-28	0.686629
748280	species	2|1224|28216|206351|1499392|568394|748280	Bacteria|Proteobacteria|Betaproteobacteria|Neisseriales|Chromobacteriaceae|Pseudogulbenkiania|Pseudogulbenkiania sp. NH8B	0.526932
183967	class	2157|28890|183967	Archaea|Euryarchaeota|Thermoplasmata	0.379346
183710	family	2|1297|188787|118964|183710	Bacteria|Deinococcus-Thermus|Deinococci|Deinococcales|Deinococcaceae	1.624407
76886	genus	2157|28889|183924|2266|2267|76886	Archaea|Crenarchaeota|Thermoprotei|Thermoproteales|Thermoproteaceae|Caldivirga	0.343286
76887	species	2157|28889|183924|2266|2267|76886|76887	Archaea|Crenarchaeota|Thermoprotei|Thermoproteales|Thermoproteaceae|Caldivirga|Caldivirga maquilingensis	0.343286
183963	class	2157|28890|183963	Archaea|Euryarchaeota|Halobacteria	0.474731
84999	order	2|201174|1760|84999	Bacteria|Actinobacteria|Actinobacteria|Coriobacteriales	1.647500
1263	genus	2|1239|186801|186802|541000|1263	Bacteria|Firmicutes|Clostridia|Clostridiales|Ruminococcaceae|Ruminococcus	0.259307
34003	species	2|1224|28211|204455|31989|265|34003	Bacteria|Proteobacteria|Alphaproteobacteria|Rhodobacterales|Rhodobacteraceae|Paracoccus|Paracoccus aminophilus	0.136293
161879	species	2|201174|1760|2037|1653|1716|161879	Bacteria|Actinobacteria|Actinobacteria|Actinomycetales|Corynebacteriaceae|Corynebacterium|Corynebacterium kroppenstedtii	0.169079
200666	order	2|976|117747|200666	Bacteria|Bacteroidetes|Sphingobacteriia|Sphingobacteriales	4.964077
206351	order	2|1224|28216|206351	Bacteria|Proteobacteria|Betaproteobacteria|Neisseriales	0.526932
131568	species	2|201174|1760|2037|83778|33981|131568	Bacteria|Actinobacteria|Actinobacteria|Actinomycetales|Kineosporiaceae|Kineococcus|Kineococcus radiotolerans	1.448484
80864	family	2|1224|28216|80840|80864	Bacteria|Proteobacteria|Betaproteobacteria|Burkholderiales|Comamonadaceae	2.453139
137	family	2|203691|203692|136|137	Bacteria|Spirochaetes|Spirochaetia|Spirochaetales|Spirochaetaceae	2.569811
136	order	2|203691|203692|136	Bacteria|Spirochaetes|Spirochaetia|Spirochaetales	2.569811
32033	family	2|1224|1236|135614|32033	Bacteria|Proteobacteria|Gammaproteobacteria|Xanthomonadales|Xanthomonadaceae	0.512272
2092	family	2|544448|31969|2085|2092	Bacteria|Tenericutes|Mollicutes|Mycoplasmatales|Mycoplasmataceae	0.057074
39485	species	2|1239|186801|186802|186806|1730|39485	Bacteria|Firmicutes|Clostridia|Clostridiales|Eubacteriaceae|Eubacterium|[Eubacterium] eligens	1.935804
65551	genus	2|1297|188787|68933|188786|65551	Bacteria|Deinococcus-Thermus|Deinococci|Thermales|Thermaceae|Meiothermus	0.181491
146919	species	2|976||1100069|563843|146918|146919	Bacteria|Bacteroidetes||Bacteroidetes Order II. Incertae sedis|Rhodothermaceae|Salinibacter|Salinibacter ruber	0.061750
146918	genus	2|976||1100069|563843|146918	Bacteria|Bacteroidetes||Bacteroidetes Order II. Incertae sedis|Rhodothermaceae|Salinibacter	0.061750
978	genus	2|976|768503|768507|89373|978	Bacteria|Bacteroidetes|Cytophagia|Cytophagales|Cytophagaceae|Cytophaga	0.931342
354356	species	2|976|117747|200666|563835|354354|354356	Bacteria|Bacteroidetes|Sphingobacteriia|Sphingobacteriales|Chitinophagaceae|Niastella|Niastella koreensis	4.566097
354354	genus	2|976|117747|200666|563835|354354	Bacteria|Bacteroidetes|Sphingobacteriia|Sphingobacteriales|Chitinophagaceae|Niastella	4.566097
28068	species	2|1224|28216|80840||28067|28068	Bacteria|Proteobacteria|Betaproteobacteria|Burkholderiales||Rubrivivax|Rubrivivax gelatinosus	0.141235
60919	genus	2|201174|1760|2037|145360|60919	Bacteria|Actinobacteria|Actinobacteria|Actinomycetales|Sanguibacteraceae|Sanguibacter	2.177306
332248	genus	2|1297|188787|118964|332247|332248	Bacteria|Deinococcus-Thermus|Deinococci|Deinococcales|Trueperaceae|Truepera	0.259084
2251	genus	2157|28890|183963|2235|2236|2251	Archaea|Euryarchaeota|Halobacteria|Halobacteriales|Halobacteriaceae|Haloferax	0.474731
1839	genus	2|201174|1760|2037|85015|1839	Bacteria|Actinobacteria|Actinobacteria|Actinomycetales|Nocardioidaceae|Nocardioides	0.336121
909929	order	2|1239|909932|909929	Bacteria|Firmicutes|Negativicutes|Selenomonadales	0.557158
29	order	2|1224|28221|29	Bacteria|Proteobacteria|Deltaproteobacteria|Myxococcales	1.038279
28256	family	2|1224|1236|135619|28256	Bacteria|Proteobacteria|Gammaproteobacteria|Oceanospirillales|Halomonadaceae	0.086829
49546	family	2|976|117743|200644|49546	Bacteria|Bacteroidetes|Flavobacteriia|Flavobacteriales|Flavobacteriaceae	3.996348
543	family	2|1224|1236|91347|543	Bacteria|Proteobacteria|Gammaproteobacteria|Enterobacteriales|Enterobacteriaceae	0.230494
187327	species	2|1239|909932|909929|909930|904|187327	Bacteria|Firmicutes|Negativicutes|Selenomonadales|Acidaminococcaceae|Acidaminococcus|Acidaminococcus intestini	0.029225
2157	superkingdom	2157	Archaea	3.315812
871006	order	2157|28889|183924|871006	Archaea|Crenarchaeota|Thermoprotei|Acidilobales	0.842301
189384	genus	2|1224|28216|||189384	Bacteria|Proteobacteria|Betaproteobacteria|||Candidatus Tremblaya	1.442144
28216	class	2|1224|28216	Bacteria|Proteobacteria|Betaproteobacteria	15.331153
287	species	2|1224|1236|72274|135621|286|287	Bacteria|Proteobacteria|Gammaproteobacteria|Pseudomonadales|Pseudomonadaceae|Pseudomonas|Pseudomonas aeruginosa	4.972829
85015	family	2|201174|1760|2037|85015	Bacteria|Actinobacteria|Actinobacteria|Actinomycetales|Nocardioidaceae	0.336121
815	family	2|976|200643|171549|815	Bacteria|Bacteroidetes|Bacteroidia|Bacteroidales|Bacteroidaceae	0.799061
816	genus	2|976|200643|171549|815|816	Bacteria|Bacteroidetes|Bacteroidia|Bacteroidales|Bacteroidaceae|Bacteroides	0.799061
28211	class	2|1224|28211	Bacteria|Proteobacteria|Alphaproteobacteria	6.159127
200415	species	2157|28889|183924|871006|255472|200414|200415	Archaea|Crenarchaeota|Thermoprotei|Acidilobales|Caldisphaeraceae|Caldisphaera|Caldisphaera lagunensis	0.842301
1508657	genus	2|1239|186801|186802|541000|1508657	Bacteria|Firmicutes|Clostridia|Clostridiales|Ruminococcaceae|Ruminiclostridium	2.500294
1090	phylum	2|1090	Bacteria|Chlorobi	3.522645
1091	genus	2|1090|191410|191411|191412|1091	Bacteria|Chlorobi|Chlorobia|Chlorobiales|Chlorobiaceae|Chlorobium	2.953680
1235850	order	2157|28890|183967|1235850	Archaea|Euryarchaeota|Thermoplasmata|Methanomassiliicoccales	0.379346
105560	species	2|1224|28216|80840||316612|105560	Bacteria|Proteobacteria|Betaproteobacteria|Burkholderiales||Methylibium|Methylibium petroleiphilum	0.854673
568394	genus	2|1224|28216|206351|1499392|568394	Bacteria|Proteobacteria|Betaproteobacteria|Neisseriales|Chromobacteriaceae|Pseudogulbenkiania	0.526932
2701	genus	2|201174|1760|85004|31953|2701	Bacteria|Actinobacteria|Actinobacteria|Bifidobacteriales|Bifidobacteriaceae|Gardnerella	1.391862
1099	genus	2|1090|191410|191411|191412|1099	Bacteria|Chlorobi|Chlorobia|Chlorobiales|Chlorobiaceae|Pelodictyon	0.568965
364316	genus	2|1224|28216|80840|80864|364316	Bacteria|Proteobacteria|Betaproteobacteria|Burkholderiales|Comamonadaceae|Verminephrobacter	0.714384
2702	species	2|201174|1760|85004|31953|2701|2702	Bacteria|Actinobacteria|Actinobacteria|Bifidobacteriales|Bifidobacteriaceae|Gardnerella|Gardnerella vaginalis	1.391862
32025	species	2|1224|29547|213849|72293|209|32025	Bacteria|Proteobacteria|Epsilonproteobacteria|Campylobacterales|Helicobacteraceae|Helicobacter|Helicobacter hepaticus	0.183633
266	species	2|1224|28211|204455|31989|265|266	Bacteria|Proteobacteria|Alphaproteobacteria|Rhodobacterales|Rhodobacteraceae|Paracoccus|Paracoccus denitrificans	2.624677
265	genus	2|1224|28211|204455|31989|265	Bacteria|Proteobacteria|Alphaproteobacteria|Rhodobacterales|Rhodobacteraceae|Paracoccus	2.760970
1653	family	2|201174|1760|2037|1653	Bacteria|Actinobacteria|Actinobacteria|Actinomycetales|Corynebacteriaceae	0.169079
252965	genus	2|1239|186801|68295|543372|252965	Bacteria|Firmicutes|Clostridia|Thermoanaerobacterales|Thermoanaerobacterales Family IV. Incertae Sedis|Mahella	0.157804
252966	species	2|1239|186801|68295|543372|252965|252966	Bacteria|Firmicutes|Clostridia|Thermoanaerobacterales|Thermoanaerobacterales Family IV. Incertae Sedis|Mahella|Mahella australiensis	0.157804
316612	genus	2|1224|28216|80840||316612	Bacteria|Proteobacteria|Betaproteobacteria|Burkholderiales||Methylibium	0.854673
942	family	2|1224|28211|766|942	Bacteria|Proteobacteria|Alphaproteobacteria|Rickettsiales|Anaplasmataceae	0.287537
89374	family	2|976|117747|200666|89374	Bacteria|Bacteroidetes|Sphingobacteriia|Sphingobacteriales|Saprospiraceae	0.397980
1069	species	2|1224|28211|356|45401|1068|1069	Bacteria|Proteobacteria|Alphaproteobacteria|Rhizobiales|Hyphomicrobiaceae|Rhodomicrobium|Rhodomicrobium vannielii	1.216340
573657	genus	2|1224|28211|356||573657	Bacteria|Proteobacteria|Alphaproteobacteria|Rhizobiales||Candidatus Hodgkinia	0.196185
1068	genus	2|1224|28211|356|45401|1068	Bacteria|Proteobacteria|Alphaproteobacteria|Rhizobiales|Hyphomicrobiaceae|Rhodomicrobium	1.216340
1060	genus	2|1224|28211|204455|31989|1060	Bacteria|Proteobacteria|Alphaproteobacteria|Rhodobacterales|Rhodobacteraceae|Rhodobacter	1.175985
1063	species	2|1224|28211|204455|31989|1060|1063	Bacteria|Proteobacteria|Alphaproteobacteria|Rhodobacterales|Rhodobacteraceae|Rhodobacter|Rhodobacter sphaeroides	1.175985
963	genus	2|1224|28216|80840|75682|963	Bacteria|Proteobacteria|Betaproteobacteria|Burkholderiales|Oxalobacteraceae|Herbaspirillum	0.296516
573658	species	2|1224|28211|356||573657|573658	Bacteria|Proteobacteria|Alphaproteobacteria|Rhizobiales||Candidatus Hodgkinia|Candidatus Hodgkinia cicadicola	0.196185
118964	order	2|1297|188787|118964	Bacteria|Deinococcus-Thermus|Deinococci|Deinococcales	1.883491
216465	species	2|1224|28216|80840|80864|52972|216465	Bacteria|Proteobacteria|Betaproteobacteria|Burkholderiales|Comamonadaceae|Polaromonas|Polaromonas naphthalenivorans	0.549886
1291540	species	2157|28890|183967|1235850|1577788|1291539|1291540	Archaea|Euryarchaeota|Thermoplasmata|Methanomassiliicoccales|Methanomassiliicoccaceae|Candidatus Methanomethylophilus|Candidatus Methanomethylophilus alvus	0.379346
68933	order	2|1297|188787|68933	Bacteria|Deinococcus-Thermus|Deinococci|Thermales	0.181491
1499392	family	2|1224|28216|206351|1499392	Bacteria|Proteobacteria|Betaproteobacteria|Neisseriales|Chromobacteriaceae	0.526932
399320	genus	2|203691|203692|136|137|399320	Bacteria|Spirochaetes|Spirochaetia|Spirochaetales|Spirochaetaceae|Sphaerochaeta	0.519748
1385	order	2|1239|91061|1385	Bacteria|Firmicutes|Bacilli|Bacillales	14.241157
28221	class	2|1224|28221	Bacteria|Proteobacteria|Deltaproteobacteria	3.805363
2252	species	2157|28890|183963|2235|2236|2251|2252	Archaea|Euryarchaeota|Halobacteria|Halobacteriales|Halobacteriaceae|Haloferax|Haloferax mediterranei	0.474731
85004	order	2|201174|1760|85004	Bacteria|Actinobacteria|Actinobacteria|Bifidobacteriales	1.391862
29303	species	2|201174|1760|2037|2062|1883|29303	Bacteria|Actinobacteria|Actinobacteria|Actinomycetales|Streptomycetaceae|Streptomyces|Streptomyces cattleya	0.804903
203691	phylum	2|203691	Bacteria|Spirochaetes	2.569811
203692	class	2|203691|203692	Bacteria|Spirochaetes|Spirochaetia	2.569811
1279	genus	2|1239|91061|1385|90964|1279	Bacteria|Firmicutes|Bacilli|Bacillales|Staphylococcaceae|Staphylococcus	0.174247
135625	order	2|1224|1236|135625	Bacteria|Proteobacteria|Gammaproteobacteria|Pasteurellales	1.294861
75682	family	2|1224|28216|80840|75682	Bacteria|Proteobacteria|Betaproteobacteria|Burkholderiales|Oxalobacteraceae	3.008073
135621	family	2|1224|1236|72274|135621	Bacteria|Proteobacteria|Gammaproteobacteria|Pseudomonadales|Pseudomonadaceae	4.972829
31989	family	2|1224|28211|204455|31989	Bacteria|Proteobacteria|Alphaproteobacteria|Rhodobacterales|Rhodobacteraceae	3.936955
48461	order	2|74201|203494|48461	Bacteria|Verrucomicrobia|Verrucomicrobiae|Verrucomicrobiales	1.570721
985	species	2|976|768503|768507|89373|978|985	Bacteria|Bacteroidetes|Cytophagia|Cytophagales|Cytophagaceae|Cytophaga|Cytophaga hutchinsonii	0.931342
94132	species	2|1224|28216|80840|80864|174951|94132	Bacteria|Proteobacteria|Betaproteobacteria|Burkholderiales|Comamonadaceae|Ramlibacter|Ramlibacter tataouinensis	1.188869
85034	family	2|201174|1760|2037|85034	Bacteria|Actinobacteria|Actinobacteria|Actinomycetales|Glycomycetaceae	0.030389
159743	species	2|1239|91061|1385|186822|44249|159743	Bacteria|Firmicutes|Bacilli|Bacillales|Paenibacillaceae|Paenibacillus|Paenibacillus terrae	1.396545
200643	class	2|976|200643	Bacteria|Bacteroidetes|Bacteroidia	1.231170
53357	genus	2|201174|1760|2037|85021|53357	Bacteria|Actinobacteria|Actinobacteria|Actinomycetales|Intrasporangiaceae|Intrasporangium	3.323484
324767	species	2|1239|91061|1385|186817|1386|324767	Bacteria|Firmicutes|Bacilli|Bacillales|Bacillaceae|Bacillus|Bacillus infantis	1.803321
1501348	family	2|976|768503|768507|1501348	Bacteria|Bacteroidetes|Cytophagia|Cytophagales|Amoebophilaceae	0.474367
200644	order	2|976|117743|200644	Bacteria|Bacteroidetes|Flavobacteriia|Flavobacteriales	4.053682
29580	genus	2|1224|28216|80840|75682|29580	Bacteria|Proteobacteria|Betaproteobacteria|Burkholderiales|Oxalobacteraceae|Janthinobacterium	1.492915
202907	genus	2|1224|28216|80840|75682|202907	Bacteria|Proteobacteria|Betaproteobacteria|Burkholderiales|Oxalobacteraceae|Collimonas	1.218642
28033	genus	2|1239|186801|186802|539000|28033	Bacteria|Firmicutes|Clostridia|Clostridiales|Clostridiales Family XVII. Incertae Sedis|Sulfobacillus	0.129306
830	genus	2|1239|186801|186802|186803|830	Bacteria|Firmicutes|Clostridia|Clostridiales|Lachnospiraceae|Butyrivibrio	2.157070
90964	family	2|1239|91061|1385|90964	Bacteria|Firmicutes|Bacilli|Bacillales|Staphylococcaceae	0.174247
259354	species	2|1224|28221|213118|213119|218207|259354	Bacteria|Proteobacteria|Deltaproteobacteria|Desulfobacterales|Desulfobacteraceae|Desulfatibacillum|Desulfatibacillum alkenivorans	0.619880
85030	family	2|201174|1760|2037|85030	Bacteria|Actinobacteria|Actinobacteria|Actinomycetales|Geodermatophilaceae	0.773497
186490	species	2|1224|1236||||186490	Bacteria|Proteobacteria|Gammaproteobacteria||||Candidatus Baumannia cicadellinicola	0.137326
200414	genus	2157|28889|183924|871006|255472|200414	Archaea|Crenarchaeota|Thermoprotei|Acidilobales|Caldisphaeraceae|Caldisphaera	0.842301
724	genus	2|1224|1236|135625|712|724	Bacteria|Proteobacteria|Gammaproteobacteria|Pasteurellales|Pasteurellaceae|Haemophilus	1.294861
2307	family	2157|28889|183924|114380|2307	Archaea|Crenarchaeota|Thermoprotei|Desulfurococcales|Pyrodictiaceae	0.044481
54252	species	2157|28889|183924|114380|2307|54251|54252	Archaea|Crenarchaeota|Thermoprotei|Desulfurococcales|Pyrodictiaceae|Pyrolobus|Pyrolobus fumarii	0.044481
239934	genus	2|74201|203494|48461|203557|239934	Bacteria|Verrucomicrobia|Verrucomicrobiae|Verrucomicrobiales|Verrucomicrobiaceae|Akkermansia	1.570721
239935	species	2|74201|203494|48461|203557|239934|239935	Bacteria|Verrucomicrobia|Verrucomicrobiae|Verrucomicrobiales|Verrucomicrobiaceae|Akkermansia|Akkermansia muciniphila	1.570721
1398	species	2|1239|91061|1385|186817|1386|1398	Bacteria|Firmicutes|Bacilli|Bacillales|Bacillaceae|Bacillus|Bacillus coagulans	0.066270
213849	order	2|1224|29547|213849	Bacteria|Proteobacteria|Epsilonproteobacteria|Campylobacterales	0.183633
770	species	2|1224|28211|766|942|768|770	Bacteria|Proteobacteria|Alphaproteobacteria|Rickettsiales|Anaplasmataceae|Anaplasma|Anaplasma marginale	0.287537
91347	order	2|1224|1236|91347	Bacteria|Proteobacteria|Gammaproteobacteria|Enterobacteriales	0.230494
2266	order	2157|28889|183924|2266	Archaea|Crenarchaeota|Thermoprotei|Thermoproteales	1.029915
2267	family	2157|28889|183924|2266|2267	Archaea|Crenarchaeota|Thermoprotei|Thermoproteales|Thermoproteaceae	1.029915
117747	class	2|976|117747	Bacteria|Bacteroidetes|Sphingobacteriia	4.964077
145357	family	2|201174|1760|2037|145357	Bacteria|Actinobacteria|Actinobacteria|Actinomycetales|Dermacoccaceae	1.066185
135619	order	2|1224|1236|135619	Bacteria|Proteobacteria|Gammaproteobacteria|Oceanospirillales	0.086829
1236	class	2|1224|1236	Bacteria|Proteobacteria|Gammaproteobacteria	7.234610
768503	class	2|976|768503	Bacteria|Bacteroidetes|Cytophagia	1.762503
55148	species	2|1297|188787|118964|183710|1298|55148	Bacteria|Deinococcus-Thermus|Deinococci|Deinococcales|Deinococcaceae|Deinococcus|Deinococcus proteolyticus	1.624407
511434	genus	2|976|200643|171549||511434	Bacteria|Bacteroidetes|Bacteroidia|Bacteroidales||Candidatus Azobacteroides	0.353703
511435	species	2|976|200643|171549||511434|511435	Bacteria|Bacteroidetes|Bacteroidia|Bacteroidales||Candidatus Azobacteroides|Candidatus Azobacteroides pseudotrichonymphae	0.353703
89583	genus	2|1224|28211|204441|433|89583	Bacteria|Proteobacteria|Alphaproteobacteria|Rhodospirillales|Acetobacteraceae|Gluconacetobacter	0.522111
135614	order	2|1224|1236|135614	Bacteria|Proteobacteria|Gammaproteobacteria|Xanthomonadales	0.512272
1239	phylum	2|1239	Bacteria|Firmicutes	26.954335
409322	species	2|203691|203692|136|137|157|409322	Bacteria|Spirochaetes|Spirochaetia|Spirochaetales|Spirochaetaceae|Treponema|Treponema pedis	0.219874
33981	genus	2|201174|1760|2037|83778|33981	Bacteria|Actinobacteria|Actinobacteria|Actinomycetales|Kineosporiaceae|Kineococcus	1.448484
114380	order	2157|28889|183924|114380	Archaea|Crenarchaeota|Thermoprotei|Desulfurococcales	0.044481
76853	species	2|1239|91061|1385|186818|648800|76853	Bacteria|Firmicutes|Bacilli|Bacillales|Planococcaceae|Solibacillus|Solibacillus silvestris	1.605349
1276	species	2|201174|1760|2037|145357|57499|1276	Bacteria|Actinobacteria|Actinobacteria|Actinomycetales|Dermacoccaceae|Kytococcus|Kytococcus sedentarius	1.066185
53633	species	2|1239|186801|186802|539000|28033|53633	Bacteria|Firmicutes|Clostridia|Clostridiales|Clostridiales Family XVII. Incertae Sedis|Sulfobacillus|Sulfobacillus acidophilus	0.129306
218207	genus	2|1224|28221|213118|213119|218207	Bacteria|Proteobacteria|Deltaproteobacteria|Desulfobacterales|Desulfobacteraceae|Desulfatibacillum	0.619880
2062	family	2|201174|1760|2037|2062	Bacteria|Actinobacteria|Actinobacteria|Actinomycetales|Streptomycetaceae	1.554284
80816	species	2|1224|28221|29|224464|162027|80816	Bacteria|Proteobacteria|Deltaproteobacteria|Myxococcales|Kofleriaceae|Haliangium|Haliangium ochraceum	1.038279
145360	family	2|201174|1760|2037|145360	Bacteria|Actinobacteria|Actinobacteria|Actinomycetales|Sanguibacteraceae	2.177306
904	genus	2|1239|909932|909929|909930|904	Bacteria|Firmicutes|Negativicutes|Selenomonadales|Acidaminococcaceae|Acidaminococcus	0.029225
188786	family	2|1297|188787|68933|188786	Bacteria|Deinococcus-Thermus|Deinococci|Thermales|Thermaceae	0.181491
60920	species	2|201174|1760|2037|145360|60919|60920	Bacteria|Actinobacteria|Actinobacteria|Actinomycetales|Sanguibacteraceae|Sanguibacter|Sanguibacter keddieii	2.177306
768	genus	2|1224|28211|766|942|768	Bacteria|Proteobacteria|Alphaproteobacteria|Rickettsiales|Anaplasmataceae|Anaplasma	0.287537
29465	genus	2|1239|909932|909929|31977|29465	Bacteria|Firmicutes|Negativicutes|Selenomonadales|Veillonellaceae|Veillonella	0.527933
88138	genus	2|201174|1760|2037|85030|88138	Bacteria|Actinobacteria|Actinobacteria|Actinomycetales|Geodermatophilaceae|Modestobacter	0.773497
31977	family	2|1239|909932|909929|31977	Bacteria|Firmicutes|Negativicutes|Selenomonadales|Veillonellaceae	0.527933
40323	genus	2|1224|1236|135614|32033|40323	Bacteria|Proteobacteria|Gammaproteobacteria|Xanthomonadales|Xanthomonadaceae|Stenotrophomonas	0.512272
40324	species	2|1224|1236|135614|32033|40323|40324	Bacteria|Proteobacteria|Gammaproteobacteria|Xanthomonadales|Xanthomonadaceae|Stenotrophomonas|Stenotrophomonas maltophilia	0.512272
193568	genus	2157|192989||||193568	Archaea|Nanoarchaeota||||Nanoarchaeum	0.545036
213118	order	2|1224|28221|213118	Bacteria|Proteobacteria|Deltaproteobacteria|Desulfobacterales	0.619880
213119	family	2|1224|28221|213118|213119	Bacteria|Proteobacteria|Deltaproteobacteria|Desulfobacterales|Desulfobacteraceae	0.619880
39492	species	2|1239|186801|186802|541000|1508657|39492	Bacteria|Firmicutes|Clostridia|Clostridiales|Ruminococcaceae|Ruminiclostridium|[Eubacterium] siraeum	1.122994
1506553	genus	2|1239|186801|186802|186803|1506553	Bacteria|Firmicutes|Clostridia|Clostridiales|Lachnospiraceae|Lachnoclostridium	0.840289
39491	species	2|1239|186801|186802|186806|1730|39491	Bacteria|Firmicutes|Clostridia|Clostridiales|Eubacteriaceae|Eubacterium|Eubacterium rectale	4.089545
433	family	2|1224|28211|204441|433	Bacteria|Proteobacteria|Alphaproteobacteria|Rhodospirillales|Acetobacteraceae	0.522111
1094	species	2|1090|191410|191411|191412|1091|1094	Bacteria|Chlorobi|Chlorobia|Chlorobiales|Chlorobiaceae|Chlorobium|Chlorobium phaeovibrioides	1.850816
44249	genus	2|1239|91061|1385|186822|44249	Bacteria|Firmicutes|Bacilli|Bacillales|Paenibacillaceae|Paenibacillus	3.240602
1224	phylum	2|1224	Bacteria|Proteobacteria	32.713887
189385	species	2|1224|28216|||189384|189385	Bacteria|Proteobacteria|Betaproteobacteria|||Candidatus Tremblaya|Candidatus Tremblaya princeps	1.442144
252356	genus	2|976|117743|200644|49546|252356	Bacteria|Bacteroidetes|Flavobacteriia|Flavobacteriales|Flavobacteriaceae|Maribacter	0.636217
29466	species	2|1239|909932|909929|31977|29465|29466	Bacteria|Firmicutes|Negativicutes|Selenomonadales|Veillonellaceae|Veillonella|Veillonella parvula	0.527933
53358	species	2|201174|1760|2037|85021|53357|53358	Bacteria|Actinobacteria|Actinobacteria|Actinomycetales|Intrasporangiaceae|Intrasporangium|Intrasporangium calvum	3.323484
312277	species	2|976|117743|200644|49546|237|312277	Bacteria|Bacteroidetes|Flavobacteriia|Flavobacteriales|Flavobacteriaceae|Flavobacterium|Flavobacterium indicum	2.947416
183924	class	2157|28889|183924	Archaea|Crenarchaeota|Thermoprotei	1.916697
400634	genus	2|1239|91061|1385|186817|400634	Bacteria|Firmicutes|Bacilli|Bacillales|Bacillaceae|Lysinibacillus	5.243128
94254	species	2|976|768503|768507|89373|120831|94254	Bacteria|Bacteroidetes|Cytophagia|Cytophagales|Cytophagaceae|Dyadobacter|Dyadobacter fermentans	0.356793
40518	species	2|1239|186801|186802|541000|1263|40518	Bacteria|Firmicutes|Clostridia|Clostridiales|Ruminococcaceae|Ruminococcus|Ruminococcus bromii	0.259307
364317	species	2|1224|28216|80840|80864|364316|364317	Bacteria|Proteobacteria|Betaproteobacteria|Burkholderiales|Comamonadaceae|Verminephrobacter|Verminephrobacter eiseniae	0.714384
158899	species	2|1224|28216|80840|75682|202907|158899	Bacteria|Proteobacteria|Betaproteobacteria|Burkholderiales|Oxalobacteraceae|Collimonas|Collimonas fungivorans	1.218642
1421	species	2|1239|91061|1385|186817|400634|1421	Bacteria|Firmicutes|Bacilli|Bacillales|Bacillaceae|Lysinibacillus|Lysinibacillus sphaericus	5.243128
976	phylum	2|976	Bacteria|Bacteroidetes	12.073182
31969	class	2|544448|31969	Bacteria|Tenericutes|Mollicutes	0.057074
162027	genus	2|1224|28221|29|224464|162027	Bacteria|Proteobacteria|Deltaproteobacteria|Myxococcales|Kofleriaceae|Haliangium	1.038279
29547	class	2|1224|29547	Bacteria|Proteobacteria|Epsilonproteobacteria	0.183633
730	species	2|1224|1236|135625|712|724|730	Bacteria|Proteobacteria|Gammaproteobacteria|Pasteurellales|Pasteurellaceae|Haemophilus|Haemophilus ducreyi	1.294861
1730	genus	2|1239|186801|186802|186806|1730	Bacteria|Firmicutes|Clostridia|Clostridiales|Eubacteriaceae|Eubacterium	6.025348
72274	order	2|1224|1236|72274	Bacteria|Proteobacteria|Gammaproteobacteria|Pseudomonadales	4.972829
83778	family	2|201174|1760|2037|83778	Bacteria|Actinobacteria|Actinobacteria|Actinomycetales|Kineosporiaceae	1.448484
283810	genus	2|201174|1760|2037|85034|283810	Bacteria|Actinobacteria|Actinobacteria|Actinomycetales|Glycomycetaceae|Stackebrandtia	0.030389
283811	species	2|201174|1760|2037|85034|283810|283811	Bacteria|Actinobacteria|Actinobacteria|Actinomycetales|Glycomycetaceae|Stackebrandtia|Stackebrandtia nassauensis	0.030389
222	genus	2|1224|28216|80840|506|222	Bacteria|Proteobacteria|Betaproteobacteria|Burkholderiales|Alcaligenaceae|Achromobacter	6.904957
255472	family	2157|28889|183924|871006|255472	Archaea|Crenarchaeota|Thermoprotei|Acidilobales|Caldisphaeraceae	0.842301
1100069	order	2|976||1100069	Bacteria|Bacteroidetes||Bacteroidetes Order II. Incertae sedis	0.061750
2	superkingdom	2	Bacteria	96.684188
224464	family	2|1224|28221|29|224464	Bacteria|Proteobacteria|Deltaproteobacteria|Myxococcales|Kofleriaceae	1.038279
188787	class	2|1297|188787	Bacteria|Deinococcus-Thermus|Deinococci	2.064982
28889	phylum	2157|28889	Archaea|Crenarchaeota	1.916697
114186	species	2|1224|1236|135619|28256|114185|114186	Bacteria|Proteobacteria|Gammaproteobacteria|Oceanospirillales|Halomonadaceae|Candidatus Carsonella|Candidatus Carsonella ruddii	0.086829
506	family	2|1224|28216|80840|506	Bacteria|Proteobacteria|Betaproteobacteria|Burkholderiales|Alcaligenaceae	6.904957
114185	genus	2|1224|1236|135619|28256|114185	Bacteria|Proteobacteria|Gammaproteobacteria|Oceanospirillales|Halomonadaceae|Candidatus Carsonella	0.086829
768507	order	2|976|768503|768507	Bacteria|Bacteroidetes|Cytophagia|Cytophagales	1.762503
89373	family	2|976|768503|768507|89373	Bacteria|Bacteroidetes|Cytophagia|Cytophagales|Cytophagaceae	1.288135
286	genus	2|1224|1236|72274|135621|286	Bacteria|Proteobacteria|Gammaproteobacteria|Pseudomonadales|Pseudomonadaceae|Pseudomonas	4.972829
174951	genus	2|1224|28216|80840|80864|174951	Bacteria|Proteobacteria|Betaproteobacteria|Burkholderiales|Comamonadaceae|Ramlibacter	1.188869
541000	family	2|1239|186801|186802|541000	Bacteria|Firmicutes|Clostridia|Clostridiales|Ruminococcaceae	2.759600
85021	family	2|201174|1760|2037|85021	Bacteria|Actinobacteria|Actinobacteria|Actinomycetales|Intrasporangiaceae	3.323484
171549	order	2|976|200643|171549	Bacteria|Bacteroidetes|Bacteroidia|Bacteroidales	1.231170
563835	family	2|976|117747|200666|563835	Bacteria|Bacteroidetes|Sphingobacteriia|Sphingobacteriales|Chitinophagaceae	4.566097
33986	genus	2|1239|91061|1385||33986	Bacteria|Firmicutes|Bacilli|Bacillales||Exiguobacterium	2.108240
1577788	family	2157|28890|183967|1235850|1577788	Archaea|Euryarchaeota|Thermoplasmata|Methanomassiliicoccales|Methanomassiliicoccaceae	0.379346
164450	genus	2157|28889|183924|2266|2267|164450	Archaea|Crenarchaeota|Thermoprotei|Thermoproteales|Thermoproteaceae|Vulcanisaeta	0.686629
332247	family	2|1297|188787|118964|332247	Bacteria|Deinococcus-Thermus|Deinococci|Deinococcales|Trueperaceae	0.259084
31953	family	2|201174|1760|85004|31953	Bacteria|Actinobacteria|Actinobacteria|Bifidobacteriales|Bifidobacteriaceae	1.391862
160232	species	2157|192989||||193568|160232	Archaea|Nanoarchaeota||||Nanoarchaeum|Nanoarchaeum equitans	0.545036
539000	family	2|1239|186801|186802|539000	Bacteria|Firmicutes|Clostridia|Clostridiales|Clostridiales Family XVII. Incertae Sedis	0.129306
186822	family	2|1239|91061|1385|186822	Bacteria|Firmicutes|Bacilli|Bacillales|Paenibacillaceae	3.240602
160	species	2|203691|203692|136|137|157|160	Bacteria|Spirochaetes|Spirochaetia|Spirochaetales|Spirochaetaceae|Treponema|Treponema pallidum	1.630415
117743	class	2|976|117743	Bacteria|Bacteroidetes|Flavobacteriia	4.053682
964	species	2|1224|28216|80840|75682|963|964	Bacteria|Proteobacteria|Betaproteobacteria|Burkholderiales|Oxalobacteraceae|Herbaspirillum|Herbaspirillum seropedicae	0.296516
544448	phylum	2|544448	Bacteria|Tenericutes	0.057074
72293	family	2|1224|29547|213849|72293	Bacteria|Proteobacteria|Epsilonproteobacteria|Campylobacterales|Helicobacteraceae	0.183633
204455	order	2|1224|28211|204455	Bacteria|Proteobacteria|Alphaproteobacteria|Rhodobacterales	3.936955
2236	family	2157|28890|183963|2235|2236	Archaea|Euryarchaeota|Halobacteria|Halobacteriales|Halobacteriaceae	0.474731
150829	species	2|203691|203692|136|137|157|150829	Bacteria|Spirochaetes|Spirochaetia|Spirochaetales|Spirochaetaceae|Treponema|Treponema azotonutricium	0.199774
195950	genus	2|976|200643|171549|171551|195950	Bacteria|Bacteroidetes|Bacteroidia|Bacteroidales|Porphyromonadaceae|Tannerella	0.078407
862	genus	2|1239|186801|186802|68298|862	Bacteria|Firmicutes|Clostridia|Clostridiales|Syntrophomonadaceae|Syntrophomonas	0.086602
84107	family	2|201174|1760|84999|84107	Bacteria|Actinobacteria|Actinobacteria|Coriobacteriales|Coriobacteriaceae	1.647500
54251	genus	2157|28889|183924|114380|2307|54251	Archaea|Crenarchaeota|Thermoprotei|Desulfurococcales|Pyrodictiaceae|Pyrolobus	0.044481
84030	species	2|1239|186801|186802|186803|1506553|84030	Bacteria|Firmicutes|Clostridia|Clostridiales|Lachnospiraceae|Lachnoclostridium|[Clostridium] saccharolyticum	0.840289
192989	phylum	2157|192989	Archaea|Nanoarchaeota	0.545036
85698	species	2|1224|28216|80840|506|222|85698	Bacteria|Proteobacteria|Betaproteobacteria|Burkholderiales|Alcaligenaceae|Achromobacter|Achromobacter xylosoxidans	6.904957
1386	genus	2|1239|91061|1385|186817|1386	Bacteria|Firmicutes|Bacilli|Bacillales|Bacillaceae|Bacillus	1.869592
1100	species	2|1090|191410|191411|191412|1099|1100	Bacteria|Chlorobi|Chlorobia|Chlorobiales|Chlorobiaceae|Pelodictyon|Pelodictyon luteolum	0.568965
28890	phylum	2157|28890	Archaea|Euryarchaeota	0.854078
213115	order	2|1224|28221|213115	Bacteria|Proteobacteria|Deltaproteobacteria|Desulfovibrionales	2.147203
28067	genus	2|1224|28216|80840||28067	Bacteria|Proteobacteria|Betaproteobacteria|Burkholderiales||Rubrivivax	0.141235
1291539	genus	2157|28890|183967|1235850|1577788|1291539	Archaea|Euryarchaeota|Thermoplasmata|Methanomassiliicoccales|Methanomassiliicoccaceae|Candidatus Methanomethylophilus	0.379346
33996	species	2|1224|28211|204441|433|89583|33996	Bacteria|Proteobacteria|Alphaproteobacteria|Rhodospirillales|Acetobacteraceae|Gluconacetobacter|Gluconacetobacter diazotrophicus	0.522111
1510	species	2|1239|186801|186802|541000|1508657|1510	Bacteria|Firmicutes|Clostridia|Clostridiales|Ruminococcaceae|Ruminiclostridium|[Clostridium] stercorarium	1.377300
249402	species	2|976|768503|768507|1501348|273135|249402	Bacteria|Bacteroidetes|Cytophagia|Cytophagales|Amoebophilaceae|Candidatus Cardinium|Cardinium endosymbiont of Encarsia pergandiella	0.474367
39782	family	2|976|117743|200644|39782	Bacteria|Bacteroidetes|Flavobacteriia|Flavobacteriales|Blattabacteriaceae	0.057334
881	species	2|1224|28221|213115|194924|872|881	Bacteria|Proteobacteria|Deltaproteobacteria|Desulfovibrionales|Desulfovibrionaceae|Desulfovibrio|Desulfovibrio vulgaris	1.525054
186817	family	2|1239|91061|1385|186817	Bacteria|Firmicutes|Bacilli|Bacillales|Bacillaceae	7.112720
157	genus	2|203691|203692|136|137|157	Bacteria|Spirochaetes|Spirochaetia|Spirochaetales|Spirochaetaceae|Treponema	2.050063
563843	family	2|976||1100069|563843	Bacteria|Bacteroidetes||Bacteroidetes Order II. Incertae sedis|Rhodothermaceae	0.061750
68295	order	2|1239|186801|68295	Bacteria|Firmicutes|Clostridia|Thermoanaerobacterales	0.157804
186818	family	2|1239|91061|1385|186818	Bacteria|Firmicutes|Bacilli|Bacillales|Planococcaceae	1.605349
184917	species	2|1224|28221|213115|194924|872|184917	Bacteria|Proteobacteria|Deltaproteobacteria|Desulfovibrionales|Desulfovibrionaceae|Desulfovibrio|Desulfovibrio magneticus	0.622149
171551	family	2|976|200643|171549|171551	Bacteria|Bacteroidetes|Bacteroidia|Bacteroidales|Porphyromonadaceae	0.078407
91061	class	2|1239|91061	Bacteria|Firmicutes|Bacilli	14.241157
332249	species	2|1297|188787|118964|332247|332248|332249	Bacteria|Deinococcus-Thermus|Deinococci|Deinococcales|Trueperaceae|Truepera|Truepera radiovictrix	0.259084
80840	order	2|1224|28216|80840	Bacteria|Proteobacteria|Betaproteobacteria|Burkholderiales	13.362077
68298	family	2|1239|186801|186802|68298	Bacteria|Firmicutes|Clostridia|Clostridiales|Syntrophomonadaceae	0.086602
237	genus	2|976|117743|200644|49546|237	Bacteria|Bacteroidetes|Flavobacteriia|Flavobacteriales|Flavobacteriaceae|Flavobacterium	3.360131
337090	species	2|1090|191410|191411|191412|1091|337090	Bacteria|Chlorobi|Chlorobia|Chlorobiales|Chlorobiaceae|Chlorobium|Chlorobium chlorochromatii	1.102864
648800	genus	2|1239|91061|1385|186818|648800	Bacteria|Firmicutes|Bacilli|Bacillales|Planococcaceae|Solibacillus	1.605349
273135	genus	2|976|768503|768507|1501348|273135	Bacteria|Bacteroidetes|Cytophagia|Cytophagales|Amoebophilaceae|Candidatus Cardinium	0.474367
204441	order	2|1224|28211|204441	Bacteria|Proteobacteria|Alphaproteobacteria|Rhodospirillales	0.522111
2130	species	2|544448|31969|2085|2092|2129|2130	Bacteria|Tenericutes|Mollicutes|Mycoplasmatales|Mycoplasmataceae|Ureaplasma|Ureaplasma urealyticum	0.057074
203494	class	2|74201|203494	Bacteria|Verrucomicrobia|Verrucomicrobiae	1.570721
57499	genus	2|201174|1760|2037|145357|57499	Bacteria|Actinobacteria|Actinobacteria|Actinomycetales|Dermacoccaceae|Kytococcus	1.066185
872	genus	2|1224|28221|213115|194924|872	Bacteria|Proteobacteria|Deltaproteobacteria|Desulfovibrionales|Desulfovibrionaceae|Desulfovibrio	2.147203
74201	phylum	2|74201	Bacteria|Verrucomicrobia	1.570721
201174	phylum	2|201174	Bacteria|Actinobacteria	14.866464
2037	order	2|201174|1760|2037	Bacteria|Actinobacteria|Actinobacteria|Actinomycetales	11.827101
203804	genus	2|1224|1236|91347|543|203804	Bacteria|Proteobacteria|Gammaproteobacteria|Enterobacteriales|Enterobacteriaceae|Candidatus Blochmannia	0.230494
1298	genus	2|1297|188787|118964|183710|1298	Bacteria|Deinococcus-Thermus|Deinococci|Deinococcales|Deinococcaceae|Deinococcus	1.624407
203557	family	2|74201|203494|48461|203557	Bacteria|Verrucomicrobia|Verrucomicrobiae|Verrucomicrobiales|Verrucomicrobiaceae	1.570721
863	species	2|1239|186801|186802|68298|862|863	Bacteria|Firmicutes|Clostridia|Clostridiales|Syntrophomonadaceae|Syntrophomonas|Syntrophomonas wolfei	0.086602
120831	genus	2|976|768503|768507|89373|120831	Bacteria|Bacteroidetes|Cytophagia|Cytophagales|Cytophagaceae|Dyadobacter	0.356793
277	species	2|1297|188787|68933|188786|65551|277	Bacteria|Deinococcus-Thermus|Deinococci|Thermales|Thermaceae|Meiothermus|Meiothermus ruber	0.181491
1297	phylum	2|1297	Bacteria|Deinococcus-Thermus	2.064982
186803	family	2|1239|186801|186802|186803	Bacteria|Firmicutes|Clostridia|Clostridiales|Lachnospiraceae	2.997359
186802	order	2|1239|186801|186802	Bacteria|Firmicutes|Clostridia|Clostridiales	11.998216
186801	class	2|1239|186801	Bacteria|Firmicutes|Clostridia	12.156019
766	order	2|1224|28211|766	Bacteria|Proteobacteria|Alphaproteobacteria|Rickettsiales	0.287537
186806	family	2|1239|186801|186802|186806	Bacteria|Firmicutes|Clostridia|Clostridiales|Eubacteriaceae	6.025348
209	genus	2|1224|29547|213849|72293|209	Bacteria|Proteobacteria|Epsilonproteobacteria|Campylobacterales|Helicobacteraceae|Helicobacter	0.183633
273376	species	2|203691|203692|136|137|399320|273376	Bacteria|Spirochaetes|Spirochaetia|Spirochaetales|Spirochaetaceae|Sphaerochaeta|Sphaerochaeta coccoides	0.519748
1008	species	2|976|117747|200666|89374|1007|1008	Bacteria|Bacteroidetes|Sphingobacteriia|Sphingobacteriales|Saprospiraceae|Saprospira|Saprospira grandis	0.397980
55197	species	2|976|117743|200644|49546|237|55197	Bacteria|Bacteroidetes|Flavobacteriia|Flavobacteriales|Flavobacteriaceae|Flavobacterium|Flavobacterium branchiophilum	0.412716
712	family	2|1224|1236|135625|712	Bacteria|Proteobacteria|Gammaproteobacteria|Pasteurellales|Pasteurellaceae	1.294861
52972	genus	2|1224|28216|80840|80864|52972	Bacteria|Proteobacteria|Betaproteobacteria|Burkholderiales|Comamonadaceae|Polaromonas	0.549886
1007	genus	2|976|117747|200666|89374|1007	Bacteria|Bacteroidetes|Sphingobacteriia|Sphingobacteriales|Saprospiraceae|Saprospira	0.397980
831	species	2|1239|186801|186802|186803|830|831	Bacteria|Firmicutes|Clostridia|Clostridiales|Lachnospiraceae|Butyrivibrio|Butyrivibrio fibrisolvens	2.157070
985052	species	2157|28889|183924|2266|2267|164450|985052	Archaea|Crenarchaeota|Thermoprotei|Thermoproteales|Thermoproteaceae|Vulcanisaeta|Vulcanisaeta moutnovskia	0.686629
1888	species	2|201174|1760|2037|2062|1883|1888	Bacteria|Actinobacteria|Actinobacteria|Actinomycetales|Streptomycetaceae|Streptomyces|Streptomyces albus	0.749382
191410	class	2|1090|191410	Bacteria|Chlorobi|Chlorobia	3.522645
191411	order	2|1090|191410|191411	Bacteria|Chlorobi|Chlorobia|Chlorobiales	3.522645
191412	family	2|1090|191410|191411|191412	Bacteria|Chlorobi|Chlorobia|Chlorobiales|Chlorobiaceae	3.522645
376805	species	2|976|200643|171549|815|816|376805	Bacteria|Bacteroidetes|Bacteroidia|Bacteroidales|Bacteroidaceae|Bacteroides|Bacteroides salanitronis	0.743714
1883	genus	2|201174|1760|2037|2062|1883	Bacteria|Actinobacteria|Actinobacteria|Actinomycetales|Streptomycetaceae|Streptomyces	1.554284
1716	genus	2|201174|1760|2037|1653|1716	Bacteria|Actinobacteria|Actinobacteria|Actinomycetales|Corynebacteriaceae|Corynebacterium	0.169079
45401	family	2|1224|28211|356|45401	Bacteria|Proteobacteria|Alphaproteobacteria|Rhizobiales|Hyphomicrobiaceae	1.216340
909932	class	2|1239|909932	Bacteria|Firmicutes|Negativicutes	0.557158
1280	species	2|1239|91061|1385|90964|1279|1280	Bacteria|Firmicutes|Bacilli|Bacillales|Staphylococcaceae|Staphylococcus|Staphylococcus aureus	0.174247
909930	family	2|1239|909932|909929|909930	Bacteria|Firmicutes|Negativicutes|Selenomonadales|Acidaminococcaceae	0.029225
194924	family	2|1224|28221|213115|194924	Bacteria|Proteobacteria|Deltaproteobacteria|Desulfovibrionales|Desulfovibrionaceae	2.147203
2129	genus	2|544448|31969|2085|2092|2129	Bacteria|Tenericutes|Mollicutes|Mycoplasmatales|Mycoplasmataceae|Ureaplasma	0.057074
543372	family	2|1239|186801|68295|543372	Bacteria|Firmicutes|Clostridia|Thermoanaerobacterales|Thermoanaerobacterales Family IV. Incertae Sedis	0.157804
2235	order	2157|28890|183963|2235	Archaea|Euryarchaeota|Halobacteria|Halobacteriales	0.474731
39768	species	2|976|117743|200644|39782|34098|39768	Bacteria|Bacteroidetes|Flavobacteriia|Flavobacteriales|Blattabacteriaceae|Blattabacterium|Blattabacterium sp. (Mastotermes darwiniensis)	0.057334
2085	order	2|544448|31969|2085	Bacteria|Tenericutes|Mollicutes|Mycoplasmatales	0.057074
356	order	2|1224|28211|356	Bacteria|Proteobacteria|Alphaproteobacteria|Rhizobiales	1.412525
1768	species	2|201174|1760|2037|1762|1763|1768	Bacteria|Actinobacteria|Actinobacteria|Actinomycetales|Mycobacteriaceae|Mycobacterium|Mycobacterium kansasii	0.948271
34098	genus	2|976|117743|200644|39782|34098	Bacteria|Bacteroidetes|Flavobacteriia|Flavobacteriales|Blattabacteriaceae|Blattabacterium	0.057334
28112	species	2|976|200643|171549|171551|195950|28112	Bacteria|Bacteroidetes|Bacteroidia|Bacteroidales|Porphyromonadaceae|Tannerella|Tannerella forsythia	0.078407
1762	family	2|201174|1760|2037|1762	Bacteria|Actinobacteria|Actinobacteria|Actinomycetales|Mycobacteriaceae	0.948271
1763	genus	2|201174|1760|2037|1762|1763	Bacteria|Actinobacteria|Actinobacteria|Actinomycetales|Mycobacteriaceae|Mycobacterium	0.948271
1760	class	2|201174|1760	Bacteria|Actinobacteria|Actinobacteria	14.866464
84162	genus	2|201174|1760|84999|84107|84162	Bacteria|Actinobacteria|Actinobacteria|Coriobacteriales|Coriobacteriaceae|Cryptobacterium	1.647500
84163	species	2|201174|1760|84999|84107|84162|84163	Bacteria|Actinobacteria|Actinobacteria|Coriobacteriales|Coriobacteriaceae|Cryptobacterium|Cryptobacterium curtum	1.647500
